TN:
SF:src\index.ts
FN:21,(anonymous_1)
FNF:1
FNH:1
FNDA:6,(anonymous_1)
DA:1,6
DA:2,6
DA:3,6
DA:4,6
DA:5,6
DA:6,6
DA:7,6
DA:10,6
DA:11,6
DA:14,6
DA:15,6
DA:16,6
DA:17,6
DA:18,6
DA:19,6
DA:21,6
DA:22,6
DA:25,6
LF:18
LH:18
BRF:0
BRH:0
end_of_record
TN:
SF:src\events\event.controller.ts
FN:5,(anonymous_9)
FN:15,(anonymous_10)
FN:31,(anonymous_11)
FN:55,(anonymous_12)
FN:78,(anonymous_13)
FNF:5
FNH:5
FNDA:1,(anonymous_9)
FNDA:2,(anonymous_10)
FNDA:1,(anonymous_11)
FNDA:2,(anonymous_12)
FNDA:2,(anonymous_13)
DA:2,6
DA:5,6
DA:6,1
DA:7,1
DA:8,1
DA:10,0
DA:15,6
DA:16,2
DA:17,2
DA:18,2
DA:20,2
DA:21,1
DA:24,1
DA:26,0
DA:31,6
DA:32,1
DA:33,1
DA:40,1
DA:41,1
DA:42,0
DA:45,1
DA:50,0
DA:55,6
DA:56,2
DA:57,2
DA:58,2
DA:63,2
DA:64,2
DA:65,1
DA:68,1
DA:73,0
DA:78,6
DA:79,2
DA:80,2
DA:81,2
DA:83,2
DA:84,1
DA:87,1
DA:89,0
LF:39
LH:33
BRDA:20,0,0,1
BRDA:20,0,1,1
BRDA:41,1,0,0
BRDA:41,1,1,1
BRDA:64,2,0,1
BRDA:64,2,1,1
BRDA:83,3,0,1
BRDA:83,3,1,1
BRF:8
BRH:7
end_of_record
TN:
SF:src\events\event.router.ts
FN:12,(anonymous_0)
FN:14,(anonymous_1)
FN:23,(anonymous_2)
FN:34,(anonymous_3)
FN:45,(anonymous_4)
FN:56,(anonymous_5)
FNF:6
FNH:6
FNDA:6,(anonymous_0)
FNDA:1,(anonymous_1)
FNDA:2,(anonymous_2)
FNDA:1,(anonymous_3)
FNDA:2,(anonymous_4)
FNDA:2,(anonymous_5)
DA:2,6
DA:10,6
DA:12,6
DA:14,6
DA:15,1
DA:16,1
DA:18,0
DA:23,6
DA:24,2
DA:25,2
DA:27,0
DA:32,6
DA:35,1
DA:36,1
DA:38,0
DA:43,6
DA:46,2
DA:47,2
DA:49,0
DA:54,6
DA:57,2
DA:58,2
DA:60,0
DA:65,6
LF:24
LH:19
BRF:0
BRH:0
end_of_record
TN:
SF:src\events\event.service.ts
FN:7,(anonymous_1)
FN:12,(anonymous_2)
FN:18,(anonymous_3)
FN:24,(anonymous_4)
FN:33,(anonymous_5)
FNF:5
FNH:5
FNDA:2,(anonymous_1)
FNDA:3,(anonymous_2)
FNDA:2,(anonymous_3)
FNDA:3,(anonymous_4)
FNDA:4,(anonymous_5)
DA:1,7
DA:2,7
DA:3,7
DA:7,7
DA:8,2
DA:12,7
DA:13,3
DA:14,3
DA:18,7
DA:19,2
DA:20,2
DA:24,7
DA:25,3
DA:29,3
DA:33,7
DA:34,4
DA:37,4
LF:17
LH:17
BRF:0
BRH:0
end_of_record
TN:
SF:src\middleware\bearAuth.ts
FN:18,(anonymous_1)
FN:57,(anonymous_2)
FN:58,(anonymous_3)
FN:70,(anonymous_4)
FN:71,(anonymous_5)
FN:83,(anonymous_6)
FN:84,(anonymous_7)
FNF:7
FNH:5
FNDA:41,(anonymous_1)
FNDA:25,(anonymous_2)
FNDA:23,(anonymous_3)
FNDA:0,(anonymous_4)
FNDA:0,(anonymous_5)
FNDA:16,(anonymous_6)
FNDA:14,(anonymous_7)
DA:2,6
DA:18,6
DA:19,41
DA:20,41
DA:22,41
DA:23,4
DA:29,37
DA:30,37
DA:31,0
DA:32,0
DA:35,37
DA:36,37
DA:37,37
DA:38,37
DA:40,0
DA:42,0
DA:43,0
DA:44,0
DA:45,0
DA:46,0
DA:49,0
DA:57,6
DA:58,25
DA:59,23
DA:60,0
DA:65,23
DA:70,6
DA:71,0
DA:72,0
DA:73,0
DA:78,0
DA:83,6
DA:84,16
DA:85,14
DA:86,0
DA:91,14
DA:96,6
DA:97,6
DA:98,6
LF:39
LH:24
BRDA:22,0,0,4
BRDA:22,0,1,37
BRDA:30,1,0,0
BRDA:30,1,1,37
BRDA:43,2,0,0
BRDA:43,2,1,0
BRDA:45,3,0,0
BRDA:45,3,1,0
BRDA:59,4,0,0
BRDA:59,4,1,23
BRDA:72,5,0,0
BRDA:72,5,1,0
BRDA:85,6,0,0
BRDA:85,6,1,14
BRDA:85,7,0,14
BRDA:85,7,1,14
BRDA:85,7,2,0
BRF:17
BRH:7
end_of_record
TN:
SF:src\payments\payment.controller.ts
FN:5,(anonymous_9)
FN:15,(anonymous_10)
FN:31,(anonymous_11)
FN:55,(anonymous_12)
FN:78,(anonymous_13)
FNF:5
FNH:5
FNDA:1,(anonymous_9)
FNDA:2,(anonymous_10)
FNDA:1,(anonymous_11)
FNDA:2,(anonymous_12)
FNDA:2,(anonymous_13)
DA:2,6
DA:5,6
DA:6,1
DA:7,1
DA:8,1
DA:10,0
DA:15,6
DA:16,2
DA:17,2
DA:18,2
DA:20,2
DA:21,1
DA:24,1
DA:26,0
DA:31,6
DA:32,1
DA:33,1
DA:40,1
DA:41,1
DA:42,0
DA:45,1
DA:50,0
DA:55,6
DA:56,2
DA:57,2
DA:58,2
DA:63,2
DA:64,2
DA:65,1
DA:68,1
DA:73,0
DA:78,6
DA:79,2
DA:80,2
DA:81,2
DA:83,2
DA:84,1
DA:87,1
DA:89,0
LF:39
LH:33
BRDA:20,0,0,1
BRDA:20,0,1,1
BRDA:41,1,0,0
BRDA:41,1,1,1
BRDA:64,2,0,1
BRDA:64,2,1,1
BRDA:83,3,0,1
BRDA:83,3,1,1
BRF:8
BRH:7
end_of_record
TN:
SF:src\payments\payment.router.ts
FN:12,(anonymous_0)
FN:16,(anonymous_1)
FN:27,(anonymous_2)
FN:36,(anonymous_3)
FN:47,(anonymous_4)
FN:58,(anonymous_5)
FNF:6
FNH:6
FNDA:6,(anonymous_0)
FNDA:1,(anonymous_1)
FNDA:2,(anonymous_2)
FNDA:1,(anonymous_3)
FNDA:2,(anonymous_4)
FNDA:2,(anonymous_5)
DA:2,6
DA:10,6
DA:12,6
DA:14,6
DA:17,1
DA:18,1
DA:20,0
DA:25,6
DA:28,2
DA:29,2
DA:31,0
DA:36,6
DA:37,1
DA:38,1
DA:40,0
DA:45,6
DA:48,2
DA:49,2
DA:51,0
DA:56,6
DA:59,2
DA:60,2
DA:62,0
DA:67,6
LF:24
LH:19
BRF:0
BRH:0
end_of_record
TN:
SF:src\payments\payment.service.ts
FN:7,(anonymous_1)
FN:12,(anonymous_2)
FN:18,(anonymous_3)
FN:24,(anonymous_4)
FN:33,(anonymous_5)
FNF:5
FNH:5
FNDA:2,(anonymous_1)
FNDA:3,(anonymous_2)
FNDA:2,(anonymous_3)
FNDA:3,(anonymous_4)
FNDA:4,(anonymous_5)
DA:1,7
DA:2,7
DA:3,7
DA:7,7
DA:8,2
DA:12,7
DA:13,3
DA:14,3
DA:18,7
DA:19,2
DA:20,2
DA:24,7
DA:25,3
DA:29,3
DA:33,7
DA:34,4
DA:37,4
LF:17
LH:17
BRF:0
BRH:0
end_of_record
TN:
SF:src\supportTickets\supportTicket.controller.ts
FN:5,(anonymous_9)
FN:15,(anonymous_10)
FN:31,(anonymous_11)
FN:54,(anonymous_12)
FN:77,(anonymous_13)
FNF:5
FNH:5
FNDA:1,(anonymous_9)
FNDA:3,(anonymous_10)
FNDA:1,(anonymous_11)
FNDA:1,(anonymous_12)
FNDA:1,(anonymous_13)
DA:2,6
DA:5,6
DA:6,1
DA:7,1
DA:8,1
DA:10,0
DA:15,6
DA:16,3
DA:17,3
DA:18,3
DA:20,2
DA:21,1
DA:24,1
DA:26,1
DA:31,6
DA:32,1
DA:33,1
DA:39,1
DA:40,1
DA:41,0
DA:44,1
DA:49,0
DA:54,6
DA:55,1
DA:56,1
DA:57,1
DA:62,1
DA:63,1
DA:64,0
DA:67,1
DA:72,0
DA:77,6
DA:78,1
DA:79,1
DA:80,1
DA:82,1
DA:83,0
DA:86,1
DA:88,0
LF:39
LH:32
BRDA:20,0,0,1
BRDA:20,0,1,1
BRDA:40,1,0,0
BRDA:40,1,1,1
BRDA:63,2,0,0
BRDA:63,2,1,1
BRDA:82,3,0,0
BRDA:82,3,1,1
BRF:8
BRH:5
end_of_record
TN:
SF:src\supportTickets\supportTicket.router.ts
FN:12,(anonymous_0)
FN:16,(anonymous_1)
FN:27,(anonymous_2)
FN:38,(anonymous_3)
FN:49,(anonymous_4)
FN:60,(anonymous_5)
FNF:6
FNH:6
FNDA:6,(anonymous_0)
FNDA:1,(anonymous_1)
FNDA:3,(anonymous_2)
FNDA:1,(anonymous_3)
FNDA:1,(anonymous_4)
FNDA:1,(anonymous_5)
DA:2,6
DA:10,6
DA:12,6
DA:14,6
DA:17,1
DA:18,1
DA:20,0
DA:25,6
DA:28,3
DA:29,3
DA:31,0
DA:36,6
DA:39,1
DA:40,1
DA:42,0
DA:47,6
DA:50,1
DA:51,1
DA:53,0
DA:58,6
DA:61,1
DA:62,1
DA:64,0
DA:69,6
LF:24
LH:19
BRF:0
BRH:0
end_of_record
TN:
SF:src\supportTickets\supportTicket.service.ts
FN:7,(anonymous_1)
FN:12,(anonymous_2)
FN:18,(anonymous_3)
FN:24,(anonymous_4)
FN:33,(anonymous_5)
FNF:5
FNH:5
FNDA:2,(anonymous_1)
FNDA:4,(anonymous_2)
FNDA:2,(anonymous_3)
FNDA:2,(anonymous_4)
FNDA:3,(anonymous_5)
DA:1,7
DA:2,7
DA:3,7
DA:7,7
DA:8,2
DA:12,7
DA:13,4
DA:14,3
DA:18,7
DA:19,2
DA:20,2
DA:24,7
DA:25,2
DA:29,2
DA:33,7
DA:34,3
DA:37,3
LF:17
LH:17
BRF:0
BRH:0
end_of_record
TN:
SF:src\ticketOrders\ticketOrder.controller.ts
FN:5,(anonymous_9)
FN:15,(anonymous_10)
FN:31,(anonymous_11)
FN:53,(anonymous_12)
FN:76,(anonymous_13)
FNF:5
FNH:5
FNDA:1,(anonymous_9)
FNDA:2,(anonymous_10)
FNDA:1,(anonymous_11)
FNDA:2,(anonymous_12)
FNDA:2,(anonymous_13)
DA:2,6
DA:5,6
DA:6,1
DA:7,1
DA:8,1
DA:10,0
DA:15,6
DA:16,2
DA:17,2
DA:18,2
DA:20,2
DA:21,1
DA:24,1
DA:26,0
DA:31,6
DA:32,1
DA:33,1
DA:38,1
DA:39,1
DA:40,0
DA:43,1
DA:48,0
DA:53,6
DA:54,2
DA:55,2
DA:56,2
DA:61,2
DA:62,2
DA:63,1
DA:66,1
DA:71,0
DA:76,6
DA:77,2
DA:78,2
DA:79,2
DA:81,2
DA:82,1
DA:85,1
DA:87,0
LF:39
LH:33
BRDA:20,0,0,1
BRDA:20,0,1,1
BRDA:39,1,0,0
BRDA:39,1,1,1
BRDA:62,2,0,1
BRDA:62,2,1,1
BRDA:81,3,0,1
BRDA:81,3,1,1
BRF:8
BRH:7
end_of_record
TN:
SF:src\ticketOrders\ticketOrder.router.ts
FN:11,(anonymous_0)
FN:15,(anonymous_1)
FN:26,(anonymous_2)
FN:37,(anonymous_3)
FN:48,(anonymous_4)
FN:59,(anonymous_5)
FNF:6
FNH:6
FNDA:6,(anonymous_0)
FNDA:1,(anonymous_1)
FNDA:2,(anonymous_2)
FNDA:1,(anonymous_3)
FNDA:2,(anonymous_4)
FNDA:2,(anonymous_5)
DA:2,6
DA:9,6
DA:11,6
DA:13,6
DA:16,1
DA:17,1
DA:19,0
DA:24,6
DA:27,2
DA:28,2
DA:30,0
DA:35,6
DA:38,1
DA:39,1
DA:41,0
DA:46,6
DA:49,2
DA:50,2
DA:52,0
DA:57,6
DA:60,2
DA:61,2
DA:63,0
DA:68,6
LF:24
LH:19
BRF:0
BRH:0
end_of_record
TN:
SF:src\ticketOrders\ticketOrder.service.ts
FN:7,(anonymous_1)
FN:12,(anonymous_2)
FN:18,(anonymous_3)
FN:24,(anonymous_4)
FN:33,(anonymous_5)
FNF:5
FNH:5
FNDA:2,(anonymous_1)
FNDA:3,(anonymous_2)
FNDA:2,(anonymous_3)
FNDA:3,(anonymous_4)
FNDA:4,(anonymous_5)
DA:1,7
DA:2,7
DA:3,7
DA:7,7
DA:8,2
DA:12,7
DA:13,3
DA:14,3
DA:18,7
DA:19,2
DA:20,2
DA:24,7
DA:25,3
DA:29,3
DA:33,7
DA:34,4
DA:37,4
LF:17
LH:17
BRF:0
BRH:0
end_of_record
TN:
SF:src\users\user.controller.ts
FN:8,(anonymous_10)
FN:18,(anonymous_11)
FN:41,(anonymous_12)
FN:66,(anonymous_13)
FN:67,(anonymous_14)
FN:89,(anonymous_15)
FN:118,(anonymous_16)
FN:119,(anonymous_17)
FN:139,(anonymous_18)
FN:162,(anonymous_19)
FN:163,(anonymous_20)
FN:185,(anonymous_21)
FN:248,(anonymous_22)
FN:287,(anonymous_23)
FNF:14
FNH:9
FNDA:1,(anonymous_10)
FNDA:1,(anonymous_11)
FNDA:1,(anonymous_12)
FNDA:1,(anonymous_13)
FNDA:0,(anonymous_14)
FNDA:1,(anonymous_15)
FNDA:1,(anonymous_16)
FNDA:0,(anonymous_17)
FNDA:0,(anonymous_18)
FNDA:0,(anonymous_19)
FNDA:0,(anonymous_20)
FNDA:9,(anonymous_21)
FNDA:1,(anonymous_22)
FNDA:2,(anonymous_23)
DA:1,6
DA:3,6
DA:4,6
DA:5,6
DA:8,6
DA:9,1
DA:10,1
DA:11,1
DA:13,0
DA:18,6
DA:19,1
DA:20,1
DA:21,1
DA:23,1
DA:24,0
DA:27,1
DA:28,1
DA:29,0
DA:33,1
DA:34,1
DA:36,0
DA:41,6
DA:42,1
DA:43,1
DA:45,1
DA:46,0
DA:49,1
DA:50,1
DA:51,1
DA:59,1
DA:60,1
DA:61,0
DA:64,1
DA:65,1
DA:66,1
DA:67,0
DA:69,1
DA:81,0
DA:82,0
DA:84,0
DA:89,6
DA:90,1
DA:91,1
DA:93,1
DA:94,0
DA:97,1
DA:98,1
DA:99,0
DA:102,1
DA:103,0
DA:106,1
DA:107,0
DA:110,1
DA:115,1
DA:116,1
DA:117,1
DA:118,1
DA:119,0
DA:122,1
DA:134,0
DA:139,6
DA:140,0
DA:141,0
DA:143,0
DA:144,0
DA:147,0
DA:148,0
DA:155,0
DA:156,0
DA:157,0
DA:160,0
DA:161,0
DA:162,0
DA:163,0
DA:165,0
DA:177,0
DA:178,0
DA:180,0
DA:185,6
DA:186,9
DA:187,9
DA:189,9
DA:190,0
DA:193,9
DA:194,9
DA:195,0
DA:198,9
DA:199,1
DA:202,8
DA:203,8
DA:204,1
DA:207,7
DA:208,7
DA:209,0
DA:212,7
DA:222,7
DA:224,7
DA:225,7
DA:227,7
DA:241,0
DA:245,6
DA:248,6
DA:249,1
DA:250,1
DA:251,1
DA:252,1
DA:254,1
DA:255,0
DA:258,1
DA:259,0
DA:262,1
DA:263,0
DA:264,0
DA:265,0
DA:268,1
DA:269,1
DA:270,0
DA:273,1
DA:274,1
DA:279,0
DA:280,0
DA:282,0
DA:287,6
DA:288,2
DA:289,2
DA:290,2
DA:292,2
DA:293,1
DA:296,1
DA:298,0
LF:130
LH:83
BRDA:23,0,0,0
BRDA:23,0,1,1
BRDA:23,1,0,1
BRDA:23,1,1,0
BRDA:28,2,0,0
BRDA:28,2,1,1
BRDA:45,3,0,0
BRDA:45,3,1,1
BRDA:60,4,0,0
BRDA:60,4,1,1
BRDA:81,5,0,0
BRDA:81,5,1,0
BRDA:93,6,0,0
BRDA:93,6,1,1
BRDA:93,7,0,1
BRDA:93,7,1,1
BRDA:98,8,0,0
BRDA:98,8,1,1
BRDA:102,9,0,0
BRDA:102,9,1,1
BRDA:106,10,0,0
BRDA:106,10,1,1
BRDA:115,11,0,1
BRDA:115,11,1,0
BRDA:143,12,0,0
BRDA:143,12,1,0
BRDA:156,13,0,0
BRDA:156,13,1,0
BRDA:177,14,0,0
BRDA:177,14,1,0
BRDA:189,15,0,0
BRDA:189,15,1,9
BRDA:189,16,0,9
BRDA:189,16,1,9
BRDA:194,17,0,0
BRDA:194,17,1,9
BRDA:198,18,0,1
BRDA:198,18,1,8
BRDA:198,19,0,9
BRDA:198,19,1,1
BRDA:203,20,0,1
BRDA:203,20,1,7
BRDA:208,21,0,0
BRDA:208,21,1,7
BRDA:224,22,0,7
BRDA:224,22,1,0
BRDA:225,23,0,7
BRDA:225,23,1,0
BRDA:254,24,0,0
BRDA:254,24,1,1
BRDA:254,25,0,1
BRDA:254,25,1,0
BRDA:258,26,0,0
BRDA:258,26,1,1
BRDA:262,27,0,0
BRDA:262,27,1,1
BRDA:269,28,0,0
BRDA:269,28,1,1
BRDA:279,29,0,0
BRDA:279,29,1,0
BRDA:292,30,0,1
BRDA:292,30,1,1
BRF:62
BRH:32
end_of_record
TN:
SF:src\users\user.router.ts
FN:17,(anonymous_0)
FN:19,(anonymous_1)
FN:28,(anonymous_2)
FN:37,(anonymous_3)
FN:46,(anonymous_4)
FN:55,(anonymous_5)
FN:64,(anonymous_6)
FN:73,(anonymous_7)
FN:82,(anonymous_8)
FNF:9
FNH:8
FNDA:6,(anonymous_0)
FNDA:1,(anonymous_1)
FNDA:1,(anonymous_2)
FNDA:9,(anonymous_3)
FNDA:0,(anonymous_4)
FNDA:1,(anonymous_5)
FNDA:1,(anonymous_6)
FNDA:1,(anonymous_7)
FNDA:2,(anonymous_8)
DA:2,6
DA:12,6
DA:17,6
DA:19,6
DA:20,1
DA:21,1
DA:23,0
DA:28,6
DA:29,1
DA:30,1
DA:32,0
DA:37,6
DA:38,9
DA:39,9
DA:41,0
DA:46,6
DA:47,0
DA:48,0
DA:50,0
DA:55,6
DA:56,1
DA:57,1
DA:59,0
DA:64,6
DA:65,1
DA:66,1
DA:68,0
DA:73,6
DA:74,1
DA:75,1
DA:77,0
DA:82,6
DA:83,2
DA:84,2
DA:86,0
DA:91,6
LF:36
LH:26
BRF:0
BRH:0
end_of_record
TN:
SF:src\users\user.service.ts
FN:7,(anonymous_1)
FN:12,(anonymous_2)
FN:18,(anonymous_3)
FN:24,(anonymous_4)
FN:37,(anonymous_5)
FN:53,(anonymous_6)
FN:61,(anonymous_7)
FNF:7
FNH:7
FNDA:2,(anonymous_1)
FNDA:2,(anonymous_2)
FNDA:11,(anonymous_3)
FNDA:4,(anonymous_4)
FNDA:5,(anonymous_5)
FNDA:4,(anonymous_6)
FNDA:2,(anonymous_7)
DA:1,7
DA:2,7
DA:3,7
DA:7,7
DA:8,2
DA:12,7
DA:13,2
DA:14,2
DA:18,7
DA:19,11
DA:20,11
DA:24,7
DA:25,4
DA:26,4
DA:27,2
DA:29,2
DA:30,1
DA:32,1
DA:37,7
DA:38,5
DA:39,5
DA:43,3
DA:45,2
DA:46,1
DA:48,1
DA:53,7
DA:54,4
DA:57,4
DA:61,7
DA:62,2
DA:65,2
LF:31
LH:31
BRDA:29,0,0,1
BRDA:29,0,1,1
BRDA:45,1,0,1
BRDA:45,1,1,1
BRF:4
BRH:4
end_of_record
TN:
SF:src\venues\venue.controller.ts
FN:5,(anonymous_9)
FN:15,(anonymous_10)
FN:31,(anonymous_11)
FN:54,(anonymous_12)
FN:77,(anonymous_13)
FNF:5
FNH:5
FNDA:1,(anonymous_9)
FNDA:2,(anonymous_10)
FNDA:1,(anonymous_11)
FNDA:2,(anonymous_12)
FNDA:2,(anonymous_13)
DA:2,6
DA:5,6
DA:6,1
DA:7,1
DA:8,1
DA:10,0
DA:15,6
DA:16,2
DA:17,2
DA:18,2
DA:20,2
DA:21,1
DA:24,1
DA:26,0
DA:31,6
DA:32,1
DA:33,1
DA:39,1
DA:40,1
DA:41,0
DA:44,1
DA:49,0
DA:54,6
DA:55,2
DA:56,2
DA:57,2
DA:62,2
DA:63,2
DA:64,1
DA:67,1
DA:72,0
DA:77,6
DA:78,2
DA:79,2
DA:80,2
DA:82,2
DA:83,1
DA:86,1
DA:88,0
LF:39
LH:33
BRDA:20,0,0,1
BRDA:20,0,1,1
BRDA:40,1,0,0
BRDA:40,1,1,1
BRDA:63,2,0,1
BRDA:63,2,1,1
BRDA:82,3,0,1
BRDA:82,3,1,1
BRF:8
BRH:7
end_of_record
TN:
SF:src\venues\venue.router.ts
FN:12,(anonymous_0)
FN:15,(anonymous_1)
FN:25,(anonymous_2)
FN:36,(anonymous_3)
FN:47,(anonymous_4)
FN:58,(anonymous_5)
FNF:6
FNH:6
FNDA:6,(anonymous_0)
FNDA:1,(anonymous_1)
FNDA:2,(anonymous_2)
FNDA:1,(anonymous_3)
FNDA:2,(anonymous_4)
FNDA:2,(anonymous_5)
DA:2,6
DA:10,6
DA:12,6
DA:15,6
DA:16,1
DA:17,1
DA:19,0
DA:24,6
DA:26,2
DA:27,2
DA:29,0
DA:34,6
DA:37,1
DA:38,1
DA:40,0
DA:45,6
DA:48,2
DA:49,2
DA:51,0
DA:56,6
DA:59,2
DA:60,2
DA:62,0
DA:67,6
LF:24
LH:19
BRF:0
BRH:0
end_of_record
TN:
SF:src\venues\venue.service.ts
FN:8,(anonymous_1)
FN:17,(anonymous_2)
FN:27,(anonymous_3)
FN:37,(anonymous_4)
FN:50,(anonymous_5)
FNF:5
FNH:5
FNDA:3,(anonymous_1)
FNDA:4,(anonymous_2)
FNDA:3,(anonymous_3)
FNDA:4,(anonymous_4)
FNDA:5,(anonymous_5)
DA:2,7
DA:3,7
DA:4,7
DA:8,7
DA:9,3
DA:10,3
DA:12,1
DA:17,7
DA:18,4
DA:19,4
DA:20,3
DA:22,1
DA:27,7
DA:28,3
DA:29,3
DA:30,2
DA:32,1
DA:37,7
DA:38,4
DA:39,4
DA:43,3
DA:45,1
DA:50,7
DA:51,5
DA:52,5
DA:55,4
DA:57,1
LF:27
LH:27
BRF:0
BRH:0
end_of_record
