{"C:\\Users\\Administrator\\Desktop\\Event Ticketing and Payment Management System\\src\\index.ts": {"path":"C:\\Users\\Administrator\\Desktop\\Event Ticketing and Payment Management System\\src\\index.ts","statementMap":{"0":{"start":{"line":1,"column":0},"end":{"line":1,"column":30}},"1":{"start":{"line":2,"column":0},"end":{"line":2,"column":48}},"2":{"start":{"line":3,"column":0},"end":{"line":3,"column":45}},"3":{"start":{"line":4,"column":0},"end":{"line":4,"column":48}},"4":{"start":{"line":5,"column":0},"end":{"line":5,"column":66}},"5":{"start":{"line":6,"column":0},"end":{"line":6,"column":54}},"6":{"start":{"line":7,"column":0},"end":{"line":7,"column":72}},"7":{"start":{"line":10,"column":12},"end":{"line":10,"column":21}},"8":{"start":{"line":11,"column":0},"end":{"line":11,"column":24}},"9":{"start":{"line":14,"column":0},"end":{"line":14,"column":17}},"10":{"start":{"line":15,"column":0},"end":{"line":15,"column":16}},"11":{"start":{"line":16,"column":0},"end":{"line":16,"column":17}},"12":{"start":{"line":17,"column":0},"end":{"line":17,"column":23}},"13":{"start":{"line":18,"column":0},"end":{"line":18,"column":19}},"14":{"start":{"line":19,"column":0},"end":{"line":19,"column":25}},"15":{"start":{"line":21,"column":0},"end":{"line":23,"column":3}},"16":{"start":{"line":22,"column":4},"end":{"line":22,"column":62}},"17":{"start":{"line":25,"column":0},"end":{"line":25,"column":19}}},"fnMap":{"0":{"name":"(anonymous_1)","decl":{"start":{"line":21,"column":17},"end":{"line":21,"column":20}},"loc":{"start":{"line":21,"column":22},"end":{"line":23,"column":1}}}},"branchMap":{},"s":{"0":6,"1":6,"2":6,"3":6,"4":6,"5":6,"6":6,"7":6,"8":6,"9":6,"10":6,"11":6,"12":6,"13":6,"14":6,"15":6,"16":6,"17":6},"f":{"0":6},"b":{}}
,"C:\\Users\\Administrator\\Desktop\\Event Ticketing and Payment Management System\\src\\events\\event.controller.ts": {"path":"C:\\Users\\Administrator\\Desktop\\Event Ticketing and Payment Management System\\src\\events\\event.controller.ts","statementMap":{"0":{"start":{"line":2,"column":0},"end":{"line":2,"column":48}},"1":{"start":{"line":5,"column":28},"end":{"line":12,"column":1}},"2":{"start":{"line":6,"column":2},"end":{"line":11,"column":3}},"3":{"start":{"line":7,"column":19},"end":{"line":7,"column":46}},"4":{"start":{"line":8,"column":4},"end":{"line":8,"column":33}},"5":{"start":{"line":10,"column":4},"end":{"line":10,"column":51}},"6":{"start":{"line":5,"column":13},"end":{"line":5,"column":28}},"7":{"start":{"line":15,"column":28},"end":{"line":28,"column":1}},"8":{"start":{"line":16,"column":2},"end":{"line":27,"column":3}},"9":{"start":{"line":17,"column":20},"end":{"line":17,"column":41}},"10":{"start":{"line":18,"column":18},"end":{"line":18,"column":53}},"11":{"start":{"line":20,"column":4},"end":{"line":22,"column":5}},"12":{"start":{"line":21,"column":6},"end":{"line":21,"column":64}},"13":{"start":{"line":24,"column":4},"end":{"line":24,"column":32}},"14":{"start":{"line":26,"column":4},"end":{"line":26,"column":51}},"15":{"start":{"line":15,"column":13},"end":{"line":15,"column":28}},"16":{"start":{"line":31,"column":27},"end":{"line":52,"column":1}},"17":{"start":{"line":32,"column":2},"end":{"line":51,"column":3}},"18":{"start":{"line":33,"column":22},"end":{"line":38,"column":6}},"19":{"start":{"line":40,"column":21},"end":{"line":40,"column":57}},"20":{"start":{"line":41,"column":4},"end":{"line":43,"column":5}},"21":{"start":{"line":42,"column":6},"end":{"line":42,"column":70}},"22":{"start":{"line":45,"column":4},"end":{"line":48,"column":7}},"23":{"start":{"line":50,"column":4},"end":{"line":50,"column":51}},"24":{"start":{"line":31,"column":13},"end":{"line":31,"column":27}},"25":{"start":{"line":55,"column":27},"end":{"line":75,"column":1}},"26":{"start":{"line":56,"column":2},"end":{"line":74,"column":3}},"27":{"start":{"line":57,"column":20},"end":{"line":57,"column":41}},"28":{"start":{"line":58,"column":23},"end":{"line":61,"column":6}},"29":{"start":{"line":63,"column":20},"end":{"line":63,"column":66}},"30":{"start":{"line":64,"column":4},"end":{"line":66,"column":5}},"31":{"start":{"line":65,"column":6},"end":{"line":65,"column":64}},"32":{"start":{"line":68,"column":4},"end":{"line":71,"column":7}},"33":{"start":{"line":73,"column":4},"end":{"line":73,"column":51}},"34":{"start":{"line":55,"column":13},"end":{"line":55,"column":27}},"35":{"start":{"line":78,"column":27},"end":{"line":91,"column":1}},"36":{"start":{"line":79,"column":2},"end":{"line":90,"column":3}},"37":{"start":{"line":80,"column":20},"end":{"line":80,"column":41}},"38":{"start":{"line":81,"column":20},"end":{"line":81,"column":54}},"39":{"start":{"line":83,"column":4},"end":{"line":85,"column":5}},"40":{"start":{"line":84,"column":6},"end":{"line":84,"column":64}},"41":{"start":{"line":87,"column":4},"end":{"line":87,"column":68}},"42":{"start":{"line":89,"column":4},"end":{"line":89,"column":51}},"43":{"start":{"line":78,"column":13},"end":{"line":78,"column":27}}},"fnMap":{"0":{"name":"(anonymous_9)","decl":{"start":{"line":5,"column":28},"end":{"line":5,"column":33}},"loc":{"start":{"line":5,"column":67},"end":{"line":12,"column":1}}},"1":{"name":"(anonymous_10)","decl":{"start":{"line":15,"column":28},"end":{"line":15,"column":33}},"loc":{"start":{"line":15,"column":66},"end":{"line":28,"column":1}}},"2":{"name":"(anonymous_11)","decl":{"start":{"line":31,"column":27},"end":{"line":31,"column":32}},"loc":{"start":{"line":31,"column":65},"end":{"line":52,"column":1}}},"3":{"name":"(anonymous_12)","decl":{"start":{"line":55,"column":27},"end":{"line":55,"column":32}},"loc":{"start":{"line":55,"column":65},"end":{"line":75,"column":1}}},"4":{"name":"(anonymous_13)","decl":{"start":{"line":78,"column":27},"end":{"line":78,"column":32}},"loc":{"start":{"line":78,"column":65},"end":{"line":91,"column":1}}}},"branchMap":{"0":{"loc":{"start":{"line":20,"column":4},"end":{"line":22,"column":5}},"type":"if","locations":[{"start":{"line":20,"column":4},"end":{"line":22,"column":5}},{"start":{},"end":{}}]},"1":{"loc":{"start":{"line":41,"column":4},"end":{"line":43,"column":5}},"type":"if","locations":[{"start":{"line":41,"column":4},"end":{"line":43,"column":5}},{"start":{},"end":{}}]},"2":{"loc":{"start":{"line":64,"column":4},"end":{"line":66,"column":5}},"type":"if","locations":[{"start":{"line":64,"column":4},"end":{"line":66,"column":5}},{"start":{},"end":{}}]},"3":{"loc":{"start":{"line":83,"column":4},"end":{"line":85,"column":5}},"type":"if","locations":[{"start":{"line":83,"column":4},"end":{"line":85,"column":5}},{"start":{},"end":{}}]}},"s":{"0":6,"1":6,"2":1,"3":1,"4":1,"5":0,"6":6,"7":6,"8":2,"9":2,"10":2,"11":2,"12":1,"13":1,"14":0,"15":6,"16":6,"17":1,"18":1,"19":1,"20":1,"21":0,"22":1,"23":0,"24":6,"25":6,"26":2,"27":2,"28":2,"29":2,"30":2,"31":1,"32":1,"33":0,"34":6,"35":6,"36":2,"37":2,"38":2,"39":2,"40":1,"41":1,"42":0,"43":6},"f":{"0":1,"1":2,"2":1,"3":2,"4":2},"b":{"0":[1,1],"1":[0,1],"2":[1,1],"3":[1,1]}}
,"C:\\Users\\Administrator\\Desktop\\Event Ticketing and Payment Management System\\src\\events\\event.router.ts": {"path":"C:\\Users\\Administrator\\Desktop\\Event Ticketing and Payment Management System\\src\\events\\event.router.ts","statementMap":{"0":{"start":{"line":2,"column":0},"end":{"line":2,"column":null}},"1":{"start":{"line":10,"column":0},"end":{"line":10,"column":51}},"2":{"start":{"line":12,"column":20},"end":{"line":63,"column":1}},"3":{"start":{"line":14,"column":2},"end":{"line":20,"column":5}},"4":{"start":{"line":15,"column":4},"end":{"line":19,"column":5}},"5":{"start":{"line":16,"column":6},"end":{"line":16,"column":35}},"6":{"start":{"line":18,"column":6},"end":{"line":18,"column":18}},"7":{"start":{"line":23,"column":2},"end":{"line":29,"column":5}},"8":{"start":{"line":24,"column":4},"end":{"line":28,"column":5}},"9":{"start":{"line":25,"column":6},"end":{"line":25,"column":35}},"10":{"start":{"line":27,"column":6},"end":{"line":27,"column":18}},"11":{"start":{"line":32,"column":2},"end":{"line":40,"column":5}},"12":{"start":{"line":35,"column":4},"end":{"line":39,"column":5}},"13":{"start":{"line":36,"column":6},"end":{"line":36,"column":34}},"14":{"start":{"line":38,"column":6},"end":{"line":38,"column":18}},"15":{"start":{"line":43,"column":2},"end":{"line":51,"column":5}},"16":{"start":{"line":46,"column":4},"end":{"line":50,"column":5}},"17":{"start":{"line":47,"column":6},"end":{"line":47,"column":34}},"18":{"start":{"line":49,"column":6},"end":{"line":49,"column":18}},"19":{"start":{"line":54,"column":2},"end":{"line":62,"column":5}},"20":{"start":{"line":57,"column":4},"end":{"line":61,"column":5}},"21":{"start":{"line":58,"column":6},"end":{"line":58,"column":34}},"22":{"start":{"line":60,"column":6},"end":{"line":60,"column":18}},"23":{"start":{"line":65,"column":0},"end":{"line":65,"column":27}}},"fnMap":{"0":{"name":"(anonymous_0)","decl":{"start":{"line":12,"column":20},"end":{"line":12,"column":21}},"loc":{"start":{"line":12,"column":37},"end":{"line":63,"column":1}}},"1":{"name":"(anonymous_1)","decl":{"start":{"line":14,"column":21},"end":{"line":14,"column":26}},"loc":{"start":{"line":14,"column":46},"end":{"line":20,"column":3}}},"2":{"name":"(anonymous_2)","decl":{"start":{"line":23,"column":25},"end":{"line":23,"column":30}},"loc":{"start":{"line":23,"column":50},"end":{"line":29,"column":3}}},"3":{"name":"(anonymous_3)","decl":{"start":{"line":34,"column":5},"end":{"line":34,"column":10}},"loc":{"start":{"line":34,"column":30},"end":{"line":40,"column":3}}},"4":{"name":"(anonymous_4)","decl":{"start":{"line":45,"column":4},"end":{"line":45,"column":9}},"loc":{"start":{"line":45,"column":29},"end":{"line":51,"column":3}}},"5":{"name":"(anonymous_5)","decl":{"start":{"line":56,"column":4},"end":{"line":56,"column":9}},"loc":{"start":{"line":56,"column":29},"end":{"line":62,"column":3}}}},"branchMap":{},"s":{"0":6,"1":6,"2":6,"3":6,"4":1,"5":1,"6":0,"7":6,"8":2,"9":2,"10":0,"11":6,"12":1,"13":1,"14":0,"15":6,"16":2,"17":2,"18":0,"19":6,"20":2,"21":2,"22":0,"23":6},"f":{"0":6,"1":1,"2":2,"3":1,"4":2,"5":2},"b":{}}
,"C:\\Users\\Administrator\\Desktop\\Event Ticketing and Payment Management System\\src\\events\\event.service.ts": {"path":"C:\\Users\\Administrator\\Desktop\\Event Ticketing and Payment Management System\\src\\events\\event.service.ts","statementMap":{"0":{"start":{"line":1,"column":0},"end":{"line":1,"column":31}},"1":{"start":{"line":2,"column":0},"end":{"line":2,"column":48}},"2":{"start":{"line":3,"column":0},"end":{"line":3,"column":33}},"3":{"start":{"line":7,"column":22},"end":{"line":9,"column":1}},"4":{"start":{"line":8,"column":2},"end":{"line":8,"column":45}},"5":{"start":{"line":7,"column":13},"end":{"line":7,"column":22}},"6":{"start":{"line":12,"column":23},"end":{"line":15,"column":1}},"7":{"start":{"line":13,"column":17},"end":{"line":13,"column":88}},"8":{"start":{"line":14,"column":2},"end":{"line":14,"column":19}},"9":{"start":{"line":12,"column":13},"end":{"line":12,"column":23}},"10":{"start":{"line":18,"column":22},"end":{"line":21,"column":1}},"11":{"start":{"line":19,"column":17},"end":{"line":19,"column":70}},"12":{"start":{"line":20,"column":2},"end":{"line":20,"column":19}},"13":{"start":{"line":18,"column":13},"end":{"line":18,"column":22}},"14":{"start":{"line":24,"column":22},"end":{"line":30,"column":1}},"15":{"start":{"line":25,"column":17},"end":{"line":28,"column":16}},"16":{"start":{"line":29,"column":2},"end":{"line":29,"column":19}},"17":{"start":{"line":24,"column":13},"end":{"line":24,"column":22}},"18":{"start":{"line":33,"column":22},"end":{"line":38,"column":1}},"19":{"start":{"line":34,"column":17},"end":{"line":36,"column":16}},"20":{"start":{"line":37,"column":2},"end":{"line":37,"column":27}},"21":{"start":{"line":33,"column":13},"end":{"line":33,"column":22}}},"fnMap":{"0":{"name":"(anonymous_1)","decl":{"start":{"line":7,"column":22},"end":{"line":7,"column":27}},"loc":{"start":{"line":7,"column":53},"end":{"line":9,"column":1}}},"1":{"name":"(anonymous_2)","decl":{"start":{"line":12,"column":23},"end":{"line":12,"column":28}},"loc":{"start":{"line":12,"column":74},"end":{"line":15,"column":1}}},"2":{"name":"(anonymous_3)","decl":{"start":{"line":18,"column":22},"end":{"line":18,"column":27}},"loc":{"start":{"line":18,"column":76},"end":{"line":21,"column":1}}},"3":{"name":"(anonymous_4)","decl":{"start":{"line":24,"column":22},"end":{"line":24,"column":27}},"loc":{"start":{"line":24,"column":97},"end":{"line":30,"column":1}}},"4":{"name":"(anonymous_5)","decl":{"start":{"line":33,"column":22},"end":{"line":33,"column":27}},"loc":{"start":{"line":33,"column":61},"end":{"line":38,"column":1}}}},"branchMap":{},"s":{"0":7,"1":7,"2":7,"3":7,"4":2,"5":7,"6":7,"7":3,"8":3,"9":7,"10":7,"11":2,"12":2,"13":7,"14":7,"15":3,"16":3,"17":7,"18":7,"19":4,"20":4,"21":7},"f":{"0":2,"1":3,"2":2,"3":3,"4":4},"b":{}}
,"C:\\Users\\Administrator\\Desktop\\Event Ticketing and Payment Management System\\src\\middleware\\bearAuth.ts": {"path":"C:\\Users\\Administrator\\Desktop\\Event Ticketing and Payment Management System\\src\\middleware\\bearAuth.ts","statementMap":{"0":{"start":{"line":2,"column":0},"end":{"line":2,"column":31}},"1":{"start":{"line":18,"column":21},"end":{"line":54,"column":1}},"2":{"start":{"line":19,"column":23},"end":{"line":19,"column":51}},"3":{"start":{"line":20,"column":18},"end":{"line":20,"column":43}},"4":{"start":{"line":22,"column":4},"end":{"line":27,"column":5}},"5":{"start":{"line":23,"column":8},"end":{"line":26,"column":11}},"6":{"start":{"line":29,"column":19},"end":{"line":29,"column":41}},"7":{"start":{"line":30,"column":4},"end":{"line":33,"column":5}},"8":{"start":{"line":31,"column":8},"end":{"line":31,"column":51}},"9":{"start":{"line":32,"column":8},"end":{"line":32,"column":77}},"10":{"start":{"line":35,"column":4},"end":{"line":53,"column":5}},"11":{"start":{"line":36,"column":24},"end":{"line":36,"column":56}},"12":{"start":{"line":37,"column":8},"end":{"line":37,"column":27}},"13":{"start":{"line":38,"column":8},"end":{"line":38,"column":15}},"14":{"start":{"line":40,"column":8},"end":{"line":40,"column":67}},"15":{"start":{"line":42,"column":22},"end":{"line":42,"column":42}},"16":{"start":{"line":43,"column":8},"end":{"line":47,"column":9}},"17":{"start":{"line":44,"column":12},"end":{"line":44,"column":60}},"18":{"start":{"line":45,"column":15},"end":{"line":47,"column":9}},"19":{"start":{"line":46,"column":12},"end":{"line":46,"column":58}},"20":{"start":{"line":49,"column":8},"end":{"line":52,"column":11}},"21":{"start":{"line":57,"column":25},"end":{"line":67,"column":1}},"22":{"start":{"line":58,"column":4},"end":{"line":66,"column":7}},"23":{"start":{"line":59,"column":8},"end":{"line":64,"column":9}},"24":{"start":{"line":60,"column":12},"end":{"line":63,"column":15}},"25":{"start":{"line":65,"column":8},"end":{"line":65,"column":15}},"26":{"start":{"line":57,"column":13},"end":{"line":57,"column":25}},"27":{"start":{"line":70,"column":24},"end":{"line":80,"column":1}},"28":{"start":{"line":71,"column":4},"end":{"line":79,"column":7}},"29":{"start":{"line":72,"column":8},"end":{"line":77,"column":9}},"30":{"start":{"line":73,"column":12},"end":{"line":76,"column":15}},"31":{"start":{"line":78,"column":8},"end":{"line":78,"column":15}},"32":{"start":{"line":70,"column":13},"end":{"line":70,"column":24}},"33":{"start":{"line":83,"column":29},"end":{"line":93,"column":1}},"34":{"start":{"line":84,"column":4},"end":{"line":92,"column":7}},"35":{"start":{"line":85,"column":8},"end":{"line":90,"column":9}},"36":{"start":{"line":86,"column":12},"end":{"line":89,"column":15}},"37":{"start":{"line":91,"column":8},"end":{"line":91,"column":15}},"38":{"start":{"line":83,"column":13},"end":{"line":83,"column":29}},"39":{"start":{"line":96,"column":13},"end":{"line":96,"column":39}},"40":{"start":{"line":97,"column":13},"end":{"line":97,"column":37}},"41":{"start":{"line":98,"column":13},"end":{"line":98,"column":42}}},"fnMap":{"0":{"name":"(anonymous_1)","decl":{"start":{"line":18,"column":21},"end":{"line":18,"column":22}},"loc":{"start":{"line":18,"column":77},"end":{"line":54,"column":1}}},"1":{"name":"(anonymous_2)","decl":{"start":{"line":57,"column":25},"end":{"line":57,"column":26}},"loc":{"start":{"line":57,"column":81},"end":{"line":67,"column":1}}},"2":{"name":"(anonymous_3)","decl":{"start":{"line":58,"column":27},"end":{"line":58,"column":30}},"loc":{"start":{"line":58,"column":32},"end":{"line":66,"column":5}}},"3":{"name":"(anonymous_4)","decl":{"start":{"line":70,"column":24},"end":{"line":70,"column":25}},"loc":{"start":{"line":70,"column":80},"end":{"line":80,"column":1}}},"4":{"name":"(anonymous_5)","decl":{"start":{"line":71,"column":27},"end":{"line":71,"column":30}},"loc":{"start":{"line":71,"column":32},"end":{"line":79,"column":5}}},"5":{"name":"(anonymous_6)","decl":{"start":{"line":83,"column":29},"end":{"line":83,"column":30}},"loc":{"start":{"line":83,"column":85},"end":{"line":93,"column":1}}},"6":{"name":"(anonymous_7)","decl":{"start":{"line":84,"column":27},"end":{"line":84,"column":30}},"loc":{"start":{"line":84,"column":32},"end":{"line":92,"column":5}}}},"branchMap":{"0":{"loc":{"start":{"line":22,"column":4},"end":{"line":27,"column":5}},"type":"if","locations":[{"start":{"line":22,"column":4},"end":{"line":27,"column":5}},{"start":{},"end":{}}]},"1":{"loc":{"start":{"line":30,"column":4},"end":{"line":33,"column":5}},"type":"if","locations":[{"start":{"line":30,"column":4},"end":{"line":33,"column":5}},{"start":{},"end":{}}]},"2":{"loc":{"start":{"line":43,"column":8},"end":{"line":47,"column":9}},"type":"if","locations":[{"start":{"line":43,"column":8},"end":{"line":47,"column":9}},{"start":{"line":45,"column":15},"end":{"line":47,"column":9}}]},"3":{"loc":{"start":{"line":45,"column":15},"end":{"line":47,"column":9}},"type":"if","locations":[{"start":{"line":45,"column":15},"end":{"line":47,"column":9}},{"start":{},"end":{}}]},"4":{"loc":{"start":{"line":59,"column":8},"end":{"line":64,"column":9}},"type":"if","locations":[{"start":{"line":59,"column":8},"end":{"line":64,"column":9}},{"start":{},"end":{}}]},"5":{"loc":{"start":{"line":72,"column":8},"end":{"line":77,"column":9}},"type":"if","locations":[{"start":{"line":72,"column":8},"end":{"line":77,"column":9}},{"start":{},"end":{}}]},"6":{"loc":{"start":{"line":85,"column":8},"end":{"line":90,"column":9}},"type":"if","locations":[{"start":{"line":85,"column":8},"end":{"line":90,"column":9}},{"start":{},"end":{}}]},"7":{"loc":{"start":{"line":85,"column":12},"end":{"line":85,"column":86}},"type":"binary-expr","locations":[{"start":{"line":85,"column":12},"end":{"line":85,"column":27}},{"start":{"line":85,"column":32},"end":{"line":85,"column":57}},{"start":{"line":85,"column":61},"end":{"line":85,"column":85}}]}},"s":{"0":6,"1":6,"2":41,"3":41,"4":41,"5":4,"6":37,"7":37,"8":0,"9":0,"10":37,"11":37,"12":37,"13":37,"14":0,"15":0,"16":0,"17":0,"18":0,"19":0,"20":0,"21":6,"22":25,"23":23,"24":0,"25":23,"26":6,"27":6,"28":0,"29":0,"30":0,"31":0,"32":6,"33":6,"34":16,"35":14,"36":0,"37":14,"38":6,"39":6,"40":6,"41":6},"f":{"0":41,"1":25,"2":23,"3":0,"4":0,"5":16,"6":14},"b":{"0":[4,37],"1":[0,37],"2":[0,0],"3":[0,0],"4":[0,23],"5":[0,0],"6":[0,14],"7":[14,14,0]}}
,"C:\\Users\\Administrator\\Desktop\\Event Ticketing and Payment Management System\\src\\payments\\payment.controller.ts": {"path":"C:\\Users\\Administrator\\Desktop\\Event Ticketing and Payment Management System\\src\\payments\\payment.controller.ts","statementMap":{"0":{"start":{"line":2,"column":0},"end":{"line":2,"column":52}},"1":{"start":{"line":5,"column":30},"end":{"line":12,"column":1}},"2":{"start":{"line":6,"column":2},"end":{"line":11,"column":3}},"3":{"start":{"line":7,"column":21},"end":{"line":7,"column":50}},"4":{"start":{"line":8,"column":4},"end":{"line":8,"column":35}},"5":{"start":{"line":10,"column":4},"end":{"line":10,"column":51}},"6":{"start":{"line":5,"column":13},"end":{"line":5,"column":30}},"7":{"start":{"line":15,"column":30},"end":{"line":28,"column":1}},"8":{"start":{"line":16,"column":2},"end":{"line":27,"column":3}},"9":{"start":{"line":17,"column":15},"end":{"line":17,"column":36}},"10":{"start":{"line":18,"column":20},"end":{"line":18,"column":52}},"11":{"start":{"line":20,"column":4},"end":{"line":22,"column":5}},"12":{"start":{"line":21,"column":6},"end":{"line":21,"column":66}},"13":{"start":{"line":24,"column":4},"end":{"line":24,"column":34}},"14":{"start":{"line":26,"column":4},"end":{"line":26,"column":51}},"15":{"start":{"line":15,"column":13},"end":{"line":15,"column":30}},"16":{"start":{"line":31,"column":29},"end":{"line":52,"column":1}},"17":{"start":{"line":32,"column":2},"end":{"line":51,"column":3}},"18":{"start":{"line":33,"column":24},"end":{"line":38,"column":6}},"19":{"start":{"line":40,"column":23},"end":{"line":40,"column":63}},"20":{"start":{"line":41,"column":4},"end":{"line":43,"column":5}},"21":{"start":{"line":42,"column":6},"end":{"line":42,"column":72}},"22":{"start":{"line":45,"column":4},"end":{"line":48,"column":7}},"23":{"start":{"line":50,"column":4},"end":{"line":50,"column":51}},"24":{"start":{"line":31,"column":13},"end":{"line":31,"column":29}},"25":{"start":{"line":55,"column":29},"end":{"line":75,"column":1}},"26":{"start":{"line":56,"column":2},"end":{"line":74,"column":3}},"27":{"start":{"line":57,"column":15},"end":{"line":57,"column":36}},"28":{"start":{"line":58,"column":23},"end":{"line":61,"column":6}},"29":{"start":{"line":63,"column":20},"end":{"line":63,"column":63}},"30":{"start":{"line":64,"column":4},"end":{"line":66,"column":5}},"31":{"start":{"line":65,"column":6},"end":{"line":65,"column":66}},"32":{"start":{"line":68,"column":4},"end":{"line":71,"column":7}},"33":{"start":{"line":73,"column":4},"end":{"line":73,"column":51}},"34":{"start":{"line":55,"column":13},"end":{"line":55,"column":29}},"35":{"start":{"line":78,"column":29},"end":{"line":91,"column":1}},"36":{"start":{"line":79,"column":2},"end":{"line":90,"column":3}},"37":{"start":{"line":80,"column":15},"end":{"line":80,"column":36}},"38":{"start":{"line":81,"column":20},"end":{"line":81,"column":51}},"39":{"start":{"line":83,"column":4},"end":{"line":85,"column":5}},"40":{"start":{"line":84,"column":6},"end":{"line":84,"column":66}},"41":{"start":{"line":87,"column":4},"end":{"line":87,"column":70}},"42":{"start":{"line":89,"column":4},"end":{"line":89,"column":51}},"43":{"start":{"line":78,"column":13},"end":{"line":78,"column":29}}},"fnMap":{"0":{"name":"(anonymous_9)","decl":{"start":{"line":5,"column":30},"end":{"line":5,"column":35}},"loc":{"start":{"line":5,"column":69},"end":{"line":12,"column":1}}},"1":{"name":"(anonymous_10)","decl":{"start":{"line":15,"column":30},"end":{"line":15,"column":35}},"loc":{"start":{"line":15,"column":68},"end":{"line":28,"column":1}}},"2":{"name":"(anonymous_11)","decl":{"start":{"line":31,"column":29},"end":{"line":31,"column":34}},"loc":{"start":{"line":31,"column":67},"end":{"line":52,"column":1}}},"3":{"name":"(anonymous_12)","decl":{"start":{"line":55,"column":29},"end":{"line":55,"column":34}},"loc":{"start":{"line":55,"column":67},"end":{"line":75,"column":1}}},"4":{"name":"(anonymous_13)","decl":{"start":{"line":78,"column":29},"end":{"line":78,"column":34}},"loc":{"start":{"line":78,"column":67},"end":{"line":91,"column":1}}}},"branchMap":{"0":{"loc":{"start":{"line":20,"column":4},"end":{"line":22,"column":5}},"type":"if","locations":[{"start":{"line":20,"column":4},"end":{"line":22,"column":5}},{"start":{},"end":{}}]},"1":{"loc":{"start":{"line":41,"column":4},"end":{"line":43,"column":5}},"type":"if","locations":[{"start":{"line":41,"column":4},"end":{"line":43,"column":5}},{"start":{},"end":{}}]},"2":{"loc":{"start":{"line":64,"column":4},"end":{"line":66,"column":5}},"type":"if","locations":[{"start":{"line":64,"column":4},"end":{"line":66,"column":5}},{"start":{},"end":{}}]},"3":{"loc":{"start":{"line":83,"column":4},"end":{"line":85,"column":5}},"type":"if","locations":[{"start":{"line":83,"column":4},"end":{"line":85,"column":5}},{"start":{},"end":{}}]}},"s":{"0":6,"1":6,"2":1,"3":1,"4":1,"5":0,"6":6,"7":6,"8":2,"9":2,"10":2,"11":2,"12":1,"13":1,"14":0,"15":6,"16":6,"17":1,"18":1,"19":1,"20":1,"21":0,"22":1,"23":0,"24":6,"25":6,"26":2,"27":2,"28":2,"29":2,"30":2,"31":1,"32":1,"33":0,"34":6,"35":6,"36":2,"37":2,"38":2,"39":2,"40":1,"41":1,"42":0,"43":6},"f":{"0":1,"1":2,"2":1,"3":2,"4":2},"b":{"0":[1,1],"1":[0,1],"2":[1,1],"3":[1,1]}}
,"C:\\Users\\Administrator\\Desktop\\Event Ticketing and Payment Management System\\src\\payments\\payment.router.ts": {"path":"C:\\Users\\Administrator\\Desktop\\Event Ticketing and Payment Management System\\src\\payments\\payment.router.ts","statementMap":{"0":{"start":{"line":2,"column":0},"end":{"line":2,"column":null}},"1":{"start":{"line":10,"column":0},"end":{"line":10,"column":66}},"2":{"start":{"line":12,"column":22},"end":{"line":65,"column":1}},"3":{"start":{"line":14,"column":2},"end":{"line":22,"column":5}},"4":{"start":{"line":17,"column":4},"end":{"line":21,"column":5}},"5":{"start":{"line":18,"column":6},"end":{"line":18,"column":37}},"6":{"start":{"line":20,"column":6},"end":{"line":20,"column":18}},"7":{"start":{"line":25,"column":2},"end":{"line":33,"column":5}},"8":{"start":{"line":28,"column":4},"end":{"line":32,"column":5}},"9":{"start":{"line":29,"column":6},"end":{"line":29,"column":37}},"10":{"start":{"line":31,"column":6},"end":{"line":31,"column":18}},"11":{"start":{"line":36,"column":2},"end":{"line":42,"column":5}},"12":{"start":{"line":37,"column":4},"end":{"line":41,"column":5}},"13":{"start":{"line":38,"column":6},"end":{"line":38,"column":36}},"14":{"start":{"line":40,"column":6},"end":{"line":40,"column":18}},"15":{"start":{"line":45,"column":2},"end":{"line":53,"column":5}},"16":{"start":{"line":48,"column":4},"end":{"line":52,"column":5}},"17":{"start":{"line":49,"column":6},"end":{"line":49,"column":36}},"18":{"start":{"line":51,"column":6},"end":{"line":51,"column":18}},"19":{"start":{"line":56,"column":2},"end":{"line":64,"column":5}},"20":{"start":{"line":59,"column":4},"end":{"line":63,"column":5}},"21":{"start":{"line":60,"column":6},"end":{"line":60,"column":36}},"22":{"start":{"line":62,"column":6},"end":{"line":62,"column":18}},"23":{"start":{"line":67,"column":0},"end":{"line":67,"column":29}}},"fnMap":{"0":{"name":"(anonymous_0)","decl":{"start":{"line":12,"column":22},"end":{"line":12,"column":23}},"loc":{"start":{"line":12,"column":39},"end":{"line":65,"column":1}}},"1":{"name":"(anonymous_1)","decl":{"start":{"line":16,"column":5},"end":{"line":16,"column":10}},"loc":{"start":{"line":16,"column":30},"end":{"line":22,"column":3}}},"2":{"name":"(anonymous_2)","decl":{"start":{"line":27,"column":4},"end":{"line":27,"column":9}},"loc":{"start":{"line":27,"column":29},"end":{"line":33,"column":3}}},"3":{"name":"(anonymous_3)","decl":{"start":{"line":36,"column":24},"end":{"line":36,"column":29}},"loc":{"start":{"line":36,"column":49},"end":{"line":42,"column":3}}},"4":{"name":"(anonymous_4)","decl":{"start":{"line":47,"column":4},"end":{"line":47,"column":9}},"loc":{"start":{"line":47,"column":29},"end":{"line":53,"column":3}}},"5":{"name":"(anonymous_5)","decl":{"start":{"line":58,"column":4},"end":{"line":58,"column":9}},"loc":{"start":{"line":58,"column":29},"end":{"line":64,"column":3}}}},"branchMap":{},"s":{"0":6,"1":6,"2":6,"3":6,"4":1,"5":1,"6":0,"7":6,"8":2,"9":2,"10":0,"11":6,"12":1,"13":1,"14":0,"15":6,"16":2,"17":2,"18":0,"19":6,"20":2,"21":2,"22":0,"23":6},"f":{"0":6,"1":1,"2":2,"3":1,"4":2,"5":2},"b":{}}
,"C:\\Users\\Administrator\\Desktop\\Event Ticketing and Payment Management System\\src\\payments\\payment.service.ts": {"path":"C:\\Users\\Administrator\\Desktop\\Event Ticketing and Payment Management System\\src\\payments\\payment.service.ts","statementMap":{"0":{"start":{"line":1,"column":0},"end":{"line":1,"column":31}},"1":{"start":{"line":2,"column":0},"end":{"line":2,"column":50}},"2":{"start":{"line":3,"column":0},"end":{"line":3,"column":33}},"3":{"start":{"line":7,"column":22},"end":{"line":9,"column":1}},"4":{"start":{"line":8,"column":2},"end":{"line":8,"column":47}},"5":{"start":{"line":7,"column":13},"end":{"line":7,"column":22}},"6":{"start":{"line":12,"column":23},"end":{"line":15,"column":1}},"7":{"start":{"line":13,"column":17},"end":{"line":13,"column":94}},"8":{"start":{"line":14,"column":2},"end":{"line":14,"column":19}},"9":{"start":{"line":12,"column":13},"end":{"line":12,"column":23}},"10":{"start":{"line":18,"column":22},"end":{"line":21,"column":1}},"11":{"start":{"line":19,"column":17},"end":{"line":19,"column":72}},"12":{"start":{"line":20,"column":2},"end":{"line":20,"column":19}},"13":{"start":{"line":18,"column":13},"end":{"line":18,"column":22}},"14":{"start":{"line":24,"column":22},"end":{"line":30,"column":1}},"15":{"start":{"line":25,"column":17},"end":{"line":28,"column":16}},"16":{"start":{"line":29,"column":2},"end":{"line":29,"column":19}},"17":{"start":{"line":24,"column":13},"end":{"line":24,"column":22}},"18":{"start":{"line":33,"column":22},"end":{"line":38,"column":1}},"19":{"start":{"line":34,"column":17},"end":{"line":36,"column":16}},"20":{"start":{"line":37,"column":2},"end":{"line":37,"column":27}},"21":{"start":{"line":33,"column":13},"end":{"line":33,"column":22}}},"fnMap":{"0":{"name":"(anonymous_1)","decl":{"start":{"line":7,"column":22},"end":{"line":7,"column":27}},"loc":{"start":{"line":7,"column":55},"end":{"line":9,"column":1}}},"1":{"name":"(anonymous_2)","decl":{"start":{"line":12,"column":23},"end":{"line":12,"column":28}},"loc":{"start":{"line":12,"column":76},"end":{"line":15,"column":1}}},"2":{"name":"(anonymous_3)","decl":{"start":{"line":18,"column":22},"end":{"line":18,"column":27}},"loc":{"start":{"line":18,"column":80},"end":{"line":21,"column":1}}},"3":{"name":"(anonymous_4)","decl":{"start":{"line":24,"column":22},"end":{"line":24,"column":27}},"loc":{"start":{"line":24,"column":101},"end":{"line":30,"column":1}}},"4":{"name":"(anonymous_5)","decl":{"start":{"line":33,"column":22},"end":{"line":33,"column":27}},"loc":{"start":{"line":33,"column":61},"end":{"line":38,"column":1}}}},"branchMap":{},"s":{"0":7,"1":7,"2":7,"3":7,"4":2,"5":7,"6":7,"7":3,"8":3,"9":7,"10":7,"11":2,"12":2,"13":7,"14":7,"15":3,"16":3,"17":7,"18":7,"19":4,"20":4,"21":7},"f":{"0":2,"1":3,"2":2,"3":3,"4":4},"b":{}}
,"C:\\Users\\Administrator\\Desktop\\Event Ticketing and Payment Management System\\src\\supportTickets\\supportTicket.controller.ts": {"path":"C:\\Users\\Administrator\\Desktop\\Event Ticketing and Payment Management System\\src\\supportTickets\\supportTicket.controller.ts","statementMap":{"0":{"start":{"line":2,"column":0},"end":{"line":2,"column":64}},"1":{"start":{"line":5,"column":36},"end":{"line":12,"column":1}},"2":{"start":{"line":6,"column":2},"end":{"line":11,"column":3}},"3":{"start":{"line":7,"column":20},"end":{"line":7,"column":55}},"4":{"start":{"line":8,"column":4},"end":{"line":8,"column":34}},"5":{"start":{"line":10,"column":4},"end":{"line":10,"column":51}},"6":{"start":{"line":5,"column":13},"end":{"line":5,"column":36}},"7":{"start":{"line":15,"column":36},"end":{"line":28,"column":1}},"8":{"start":{"line":16,"column":2},"end":{"line":27,"column":3}},"9":{"start":{"line":17,"column":15},"end":{"line":17,"column":36}},"10":{"start":{"line":18,"column":19},"end":{"line":18,"column":57}},"11":{"start":{"line":20,"column":4},"end":{"line":22,"column":5}},"12":{"start":{"line":21,"column":6},"end":{"line":21,"column":73}},"13":{"start":{"line":24,"column":4},"end":{"line":24,"column":33}},"14":{"start":{"line":26,"column":4},"end":{"line":26,"column":51}},"15":{"start":{"line":15,"column":13},"end":{"line":15,"column":36}},"16":{"start":{"line":31,"column":35},"end":{"line":51,"column":1}},"17":{"start":{"line":32,"column":2},"end":{"line":50,"column":3}},"18":{"start":{"line":33,"column":23},"end":{"line":37,"column":6}},"19":{"start":{"line":39,"column":22},"end":{"line":39,"column":67}},"20":{"start":{"line":40,"column":4},"end":{"line":42,"column":5}},"21":{"start":{"line":41,"column":6},"end":{"line":41,"column":79}},"22":{"start":{"line":44,"column":4},"end":{"line":47,"column":7}},"23":{"start":{"line":49,"column":4},"end":{"line":49,"column":51}},"24":{"start":{"line":31,"column":13},"end":{"line":31,"column":35}},"25":{"start":{"line":54,"column":35},"end":{"line":74,"column":1}},"26":{"start":{"line":55,"column":2},"end":{"line":73,"column":3}},"27":{"start":{"line":56,"column":15},"end":{"line":56,"column":36}},"28":{"start":{"line":57,"column":23},"end":{"line":60,"column":6}},"29":{"start":{"line":62,"column":20},"end":{"line":62,"column":69}},"30":{"start":{"line":63,"column":4},"end":{"line":65,"column":5}},"31":{"start":{"line":64,"column":6},"end":{"line":64,"column":73}},"32":{"start":{"line":67,"column":4},"end":{"line":70,"column":7}},"33":{"start":{"line":72,"column":4},"end":{"line":72,"column":51}},"34":{"start":{"line":54,"column":13},"end":{"line":54,"column":35}},"35":{"start":{"line":77,"column":35},"end":{"line":90,"column":1}},"36":{"start":{"line":78,"column":2},"end":{"line":89,"column":3}},"37":{"start":{"line":79,"column":15},"end":{"line":79,"column":36}},"38":{"start":{"line":80,"column":20},"end":{"line":80,"column":57}},"39":{"start":{"line":82,"column":4},"end":{"line":84,"column":5}},"40":{"start":{"line":83,"column":6},"end":{"line":83,"column":73}},"41":{"start":{"line":86,"column":4},"end":{"line":86,"column":77}},"42":{"start":{"line":88,"column":4},"end":{"line":88,"column":51}},"43":{"start":{"line":77,"column":13},"end":{"line":77,"column":35}}},"fnMap":{"0":{"name":"(anonymous_9)","decl":{"start":{"line":5,"column":36},"end":{"line":5,"column":41}},"loc":{"start":{"line":5,"column":75},"end":{"line":12,"column":1}}},"1":{"name":"(anonymous_10)","decl":{"start":{"line":15,"column":36},"end":{"line":15,"column":41}},"loc":{"start":{"line":15,"column":74},"end":{"line":28,"column":1}}},"2":{"name":"(anonymous_11)","decl":{"start":{"line":31,"column":35},"end":{"line":31,"column":40}},"loc":{"start":{"line":31,"column":73},"end":{"line":51,"column":1}}},"3":{"name":"(anonymous_12)","decl":{"start":{"line":54,"column":35},"end":{"line":54,"column":40}},"loc":{"start":{"line":54,"column":73},"end":{"line":74,"column":1}}},"4":{"name":"(anonymous_13)","decl":{"start":{"line":77,"column":35},"end":{"line":77,"column":40}},"loc":{"start":{"line":77,"column":73},"end":{"line":90,"column":1}}}},"branchMap":{"0":{"loc":{"start":{"line":20,"column":4},"end":{"line":22,"column":5}},"type":"if","locations":[{"start":{"line":20,"column":4},"end":{"line":22,"column":5}},{"start":{},"end":{}}]},"1":{"loc":{"start":{"line":40,"column":4},"end":{"line":42,"column":5}},"type":"if","locations":[{"start":{"line":40,"column":4},"end":{"line":42,"column":5}},{"start":{},"end":{}}]},"2":{"loc":{"start":{"line":63,"column":4},"end":{"line":65,"column":5}},"type":"if","locations":[{"start":{"line":63,"column":4},"end":{"line":65,"column":5}},{"start":{},"end":{}}]},"3":{"loc":{"start":{"line":82,"column":4},"end":{"line":84,"column":5}},"type":"if","locations":[{"start":{"line":82,"column":4},"end":{"line":84,"column":5}},{"start":{},"end":{}}]}},"s":{"0":6,"1":6,"2":1,"3":1,"4":1,"5":0,"6":6,"7":6,"8":3,"9":3,"10":3,"11":2,"12":1,"13":1,"14":1,"15":6,"16":6,"17":1,"18":1,"19":1,"20":1,"21":0,"22":1,"23":0,"24":6,"25":6,"26":1,"27":1,"28":1,"29":1,"30":1,"31":0,"32":1,"33":0,"34":6,"35":6,"36":1,"37":1,"38":1,"39":1,"40":0,"41":1,"42":0,"43":6},"f":{"0":1,"1":3,"2":1,"3":1,"4":1},"b":{"0":[1,1],"1":[0,1],"2":[0,1],"3":[0,1]}}
,"C:\\Users\\Administrator\\Desktop\\Event Ticketing and Payment Management System\\src\\supportTickets\\supportTicket.router.ts": {"path":"C:\\Users\\Administrator\\Desktop\\Event Ticketing and Payment Management System\\src\\supportTickets\\supportTicket.router.ts","statementMap":{"0":{"start":{"line":2,"column":0},"end":{"line":2,"column":null}},"1":{"start":{"line":10,"column":0},"end":{"line":10,"column":66}},"2":{"start":{"line":12,"column":28},"end":{"line":67,"column":1}},"3":{"start":{"line":14,"column":2},"end":{"line":22,"column":5}},"4":{"start":{"line":17,"column":4},"end":{"line":21,"column":5}},"5":{"start":{"line":18,"column":6},"end":{"line":18,"column":43}},"6":{"start":{"line":20,"column":6},"end":{"line":20,"column":18}},"7":{"start":{"line":25,"column":2},"end":{"line":33,"column":5}},"8":{"start":{"line":28,"column":4},"end":{"line":32,"column":5}},"9":{"start":{"line":29,"column":6},"end":{"line":29,"column":43}},"10":{"start":{"line":31,"column":6},"end":{"line":31,"column":18}},"11":{"start":{"line":36,"column":2},"end":{"line":44,"column":5}},"12":{"start":{"line":39,"column":4},"end":{"line":43,"column":5}},"13":{"start":{"line":40,"column":6},"end":{"line":40,"column":42}},"14":{"start":{"line":42,"column":6},"end":{"line":42,"column":18}},"15":{"start":{"line":47,"column":2},"end":{"line":55,"column":5}},"16":{"start":{"line":50,"column":4},"end":{"line":54,"column":5}},"17":{"start":{"line":51,"column":6},"end":{"line":51,"column":42}},"18":{"start":{"line":53,"column":6},"end":{"line":53,"column":18}},"19":{"start":{"line":58,"column":2},"end":{"line":66,"column":5}},"20":{"start":{"line":61,"column":4},"end":{"line":65,"column":5}},"21":{"start":{"line":62,"column":6},"end":{"line":62,"column":42}},"22":{"start":{"line":64,"column":6},"end":{"line":64,"column":18}},"23":{"start":{"line":69,"column":0},"end":{"line":69,"column":35}}},"fnMap":{"0":{"name":"(anonymous_0)","decl":{"start":{"line":12,"column":28},"end":{"line":12,"column":29}},"loc":{"start":{"line":12,"column":45},"end":{"line":67,"column":1}}},"1":{"name":"(anonymous_1)","decl":{"start":{"line":16,"column":4},"end":{"line":16,"column":9}},"loc":{"start":{"line":16,"column":29},"end":{"line":22,"column":3}}},"2":{"name":"(anonymous_2)","decl":{"start":{"line":27,"column":5},"end":{"line":27,"column":10}},"loc":{"start":{"line":27,"column":30},"end":{"line":33,"column":3}}},"3":{"name":"(anonymous_3)","decl":{"start":{"line":38,"column":5},"end":{"line":38,"column":10}},"loc":{"start":{"line":38,"column":30},"end":{"line":44,"column":3}}},"4":{"name":"(anonymous_4)","decl":{"start":{"line":49,"column":4},"end":{"line":49,"column":9}},"loc":{"start":{"line":49,"column":29},"end":{"line":55,"column":3}}},"5":{"name":"(anonymous_5)","decl":{"start":{"line":60,"column":4},"end":{"line":60,"column":9}},"loc":{"start":{"line":60,"column":29},"end":{"line":66,"column":3}}}},"branchMap":{},"s":{"0":6,"1":6,"2":6,"3":6,"4":1,"5":1,"6":0,"7":6,"8":3,"9":3,"10":0,"11":6,"12":1,"13":1,"14":0,"15":6,"16":1,"17":1,"18":0,"19":6,"20":1,"21":1,"22":0,"23":6},"f":{"0":6,"1":1,"2":3,"3":1,"4":1,"5":1},"b":{}}
,"C:\\Users\\Administrator\\Desktop\\Event Ticketing and Payment Management System\\src\\supportTickets\\supportTicket.service.ts": {"path":"C:\\Users\\Administrator\\Desktop\\Event Ticketing and Payment Management System\\src\\supportTickets\\supportTicket.service.ts","statementMap":{"0":{"start":{"line":1,"column":0},"end":{"line":1,"column":31}},"1":{"start":{"line":2,"column":0},"end":{"line":2,"column":56}},"2":{"start":{"line":3,"column":0},"end":{"line":3,"column":33}},"3":{"start":{"line":7,"column":22},"end":{"line":9,"column":1}},"4":{"start":{"line":8,"column":2},"end":{"line":8,"column":53}},"5":{"start":{"line":7,"column":13},"end":{"line":7,"column":22}},"6":{"start":{"line":12,"column":23},"end":{"line":15,"column":1}},"7":{"start":{"line":13,"column":17},"end":{"line":13,"column":105}},"8":{"start":{"line":14,"column":2},"end":{"line":14,"column":19}},"9":{"start":{"line":12,"column":13},"end":{"line":12,"column":23}},"10":{"start":{"line":18,"column":22},"end":{"line":21,"column":1}},"11":{"start":{"line":19,"column":17},"end":{"line":19,"column":78}},"12":{"start":{"line":20,"column":2},"end":{"line":20,"column":19}},"13":{"start":{"line":18,"column":13},"end":{"line":18,"column":22}},"14":{"start":{"line":24,"column":22},"end":{"line":30,"column":1}},"15":{"start":{"line":25,"column":17},"end":{"line":28,"column":16}},"16":{"start":{"line":29,"column":2},"end":{"line":29,"column":19}},"17":{"start":{"line":24,"column":13},"end":{"line":24,"column":22}},"18":{"start":{"line":33,"column":22},"end":{"line":38,"column":1}},"19":{"start":{"line":34,"column":17},"end":{"line":36,"column":16}},"20":{"start":{"line":37,"column":2},"end":{"line":37,"column":27}},"21":{"start":{"line":33,"column":13},"end":{"line":33,"column":22}}},"fnMap":{"0":{"name":"(anonymous_1)","decl":{"start":{"line":7,"column":22},"end":{"line":7,"column":27}},"loc":{"start":{"line":7,"column":61},"end":{"line":9,"column":1}}},"1":{"name":"(anonymous_2)","decl":{"start":{"line":12,"column":23},"end":{"line":12,"column":28}},"loc":{"start":{"line":12,"column":82},"end":{"line":15,"column":1}}},"2":{"name":"(anonymous_3)","decl":{"start":{"line":18,"column":22},"end":{"line":18,"column":27}},"loc":{"start":{"line":18,"column":92},"end":{"line":21,"column":1}}},"3":{"name":"(anonymous_4)","decl":{"start":{"line":24,"column":22},"end":{"line":24,"column":27}},"loc":{"start":{"line":24,"column":113},"end":{"line":30,"column":1}}},"4":{"name":"(anonymous_5)","decl":{"start":{"line":33,"column":22},"end":{"line":33,"column":27}},"loc":{"start":{"line":33,"column":61},"end":{"line":38,"column":1}}}},"branchMap":{},"s":{"0":7,"1":7,"2":7,"3":7,"4":2,"5":7,"6":7,"7":4,"8":3,"9":7,"10":7,"11":2,"12":2,"13":7,"14":7,"15":2,"16":2,"17":7,"18":7,"19":3,"20":3,"21":7},"f":{"0":2,"1":4,"2":2,"3":2,"4":3},"b":{}}
,"C:\\Users\\Administrator\\Desktop\\Event Ticketing and Payment Management System\\src\\ticketOrders\\ticketOrder.controller.ts": {"path":"C:\\Users\\Administrator\\Desktop\\Event Ticketing and Payment Management System\\src\\ticketOrders\\ticketOrder.controller.ts","statementMap":{"0":{"start":{"line":2,"column":0},"end":{"line":2,"column":60}},"1":{"start":{"line":5,"column":34},"end":{"line":12,"column":1}},"2":{"start":{"line":6,"column":2},"end":{"line":11,"column":3}},"3":{"start":{"line":7,"column":19},"end":{"line":7,"column":52}},"4":{"start":{"line":8,"column":4},"end":{"line":8,"column":33}},"5":{"start":{"line":10,"column":4},"end":{"line":10,"column":51}},"6":{"start":{"line":5,"column":13},"end":{"line":5,"column":34}},"7":{"start":{"line":15,"column":34},"end":{"line":28,"column":1}},"8":{"start":{"line":16,"column":2},"end":{"line":27,"column":3}},"9":{"start":{"line":17,"column":15},"end":{"line":17,"column":36}},"10":{"start":{"line":18,"column":18},"end":{"line":18,"column":54}},"11":{"start":{"line":20,"column":4},"end":{"line":22,"column":5}},"12":{"start":{"line":21,"column":6},"end":{"line":21,"column":71}},"13":{"start":{"line":24,"column":4},"end":{"line":24,"column":32}},"14":{"start":{"line":26,"column":4},"end":{"line":26,"column":51}},"15":{"start":{"line":15,"column":13},"end":{"line":15,"column":34}},"16":{"start":{"line":31,"column":33},"end":{"line":50,"column":1}},"17":{"start":{"line":32,"column":2},"end":{"line":49,"column":3}},"18":{"start":{"line":33,"column":22},"end":{"line":36,"column":6}},"19":{"start":{"line":38,"column":21},"end":{"line":38,"column":63}},"20":{"start":{"line":39,"column":4},"end":{"line":41,"column":5}},"21":{"start":{"line":40,"column":6},"end":{"line":40,"column":77}},"22":{"start":{"line":43,"column":4},"end":{"line":46,"column":7}},"23":{"start":{"line":48,"column":4},"end":{"line":48,"column":51}},"24":{"start":{"line":31,"column":13},"end":{"line":31,"column":33}},"25":{"start":{"line":53,"column":33},"end":{"line":73,"column":1}},"26":{"start":{"line":54,"column":2},"end":{"line":72,"column":3}},"27":{"start":{"line":55,"column":15},"end":{"line":55,"column":36}},"28":{"start":{"line":56,"column":23},"end":{"line":59,"column":6}},"29":{"start":{"line":61,"column":20},"end":{"line":61,"column":67}},"30":{"start":{"line":62,"column":4},"end":{"line":64,"column":5}},"31":{"start":{"line":63,"column":6},"end":{"line":63,"column":71}},"32":{"start":{"line":66,"column":4},"end":{"line":69,"column":7}},"33":{"start":{"line":71,"column":4},"end":{"line":71,"column":51}},"34":{"start":{"line":53,"column":13},"end":{"line":53,"column":33}},"35":{"start":{"line":76,"column":33},"end":{"line":89,"column":1}},"36":{"start":{"line":77,"column":2},"end":{"line":88,"column":3}},"37":{"start":{"line":78,"column":15},"end":{"line":78,"column":36}},"38":{"start":{"line":79,"column":20},"end":{"line":79,"column":55}},"39":{"start":{"line":81,"column":4},"end":{"line":83,"column":5}},"40":{"start":{"line":82,"column":6},"end":{"line":82,"column":71}},"41":{"start":{"line":85,"column":4},"end":{"line":85,"column":75}},"42":{"start":{"line":87,"column":4},"end":{"line":87,"column":51}},"43":{"start":{"line":76,"column":13},"end":{"line":76,"column":33}}},"fnMap":{"0":{"name":"(anonymous_9)","decl":{"start":{"line":5,"column":34},"end":{"line":5,"column":39}},"loc":{"start":{"line":5,"column":73},"end":{"line":12,"column":1}}},"1":{"name":"(anonymous_10)","decl":{"start":{"line":15,"column":34},"end":{"line":15,"column":39}},"loc":{"start":{"line":15,"column":72},"end":{"line":28,"column":1}}},"2":{"name":"(anonymous_11)","decl":{"start":{"line":31,"column":33},"end":{"line":31,"column":38}},"loc":{"start":{"line":31,"column":71},"end":{"line":50,"column":1}}},"3":{"name":"(anonymous_12)","decl":{"start":{"line":53,"column":33},"end":{"line":53,"column":38}},"loc":{"start":{"line":53,"column":71},"end":{"line":73,"column":1}}},"4":{"name":"(anonymous_13)","decl":{"start":{"line":76,"column":33},"end":{"line":76,"column":38}},"loc":{"start":{"line":76,"column":71},"end":{"line":89,"column":1}}}},"branchMap":{"0":{"loc":{"start":{"line":20,"column":4},"end":{"line":22,"column":5}},"type":"if","locations":[{"start":{"line":20,"column":4},"end":{"line":22,"column":5}},{"start":{},"end":{}}]},"1":{"loc":{"start":{"line":39,"column":4},"end":{"line":41,"column":5}},"type":"if","locations":[{"start":{"line":39,"column":4},"end":{"line":41,"column":5}},{"start":{},"end":{}}]},"2":{"loc":{"start":{"line":62,"column":4},"end":{"line":64,"column":5}},"type":"if","locations":[{"start":{"line":62,"column":4},"end":{"line":64,"column":5}},{"start":{},"end":{}}]},"3":{"loc":{"start":{"line":81,"column":4},"end":{"line":83,"column":5}},"type":"if","locations":[{"start":{"line":81,"column":4},"end":{"line":83,"column":5}},{"start":{},"end":{}}]}},"s":{"0":6,"1":6,"2":1,"3":1,"4":1,"5":0,"6":6,"7":6,"8":2,"9":2,"10":2,"11":2,"12":1,"13":1,"14":0,"15":6,"16":6,"17":1,"18":1,"19":1,"20":1,"21":0,"22":1,"23":0,"24":6,"25":6,"26":2,"27":2,"28":2,"29":2,"30":2,"31":1,"32":1,"33":0,"34":6,"35":6,"36":2,"37":2,"38":2,"39":2,"40":1,"41":1,"42":0,"43":6},"f":{"0":1,"1":2,"2":1,"3":2,"4":2},"b":{"0":[1,1],"1":[0,1],"2":[1,1],"3":[1,1]}}
,"C:\\Users\\Administrator\\Desktop\\Event Ticketing and Payment Management System\\src\\ticketOrders\\ticketOrder.router.ts": {"path":"C:\\Users\\Administrator\\Desktop\\Event Ticketing and Payment Management System\\src\\ticketOrders\\ticketOrder.router.ts","statementMap":{"0":{"start":{"line":2,"column":0},"end":{"line":2,"column":null}},"1":{"start":{"line":9,"column":0},"end":{"line":9,"column":65}},"2":{"start":{"line":11,"column":26},"end":{"line":66,"column":1}},"3":{"start":{"line":13,"column":2},"end":{"line":21,"column":5}},"4":{"start":{"line":16,"column":4},"end":{"line":20,"column":5}},"5":{"start":{"line":17,"column":6},"end":{"line":17,"column":41}},"6":{"start":{"line":19,"column":6},"end":{"line":19,"column":18}},"7":{"start":{"line":24,"column":2},"end":{"line":32,"column":5}},"8":{"start":{"line":27,"column":4},"end":{"line":31,"column":5}},"9":{"start":{"line":28,"column":6},"end":{"line":28,"column":41}},"10":{"start":{"line":30,"column":6},"end":{"line":30,"column":18}},"11":{"start":{"line":35,"column":2},"end":{"line":43,"column":5}},"12":{"start":{"line":38,"column":4},"end":{"line":42,"column":5}},"13":{"start":{"line":39,"column":6},"end":{"line":39,"column":40}},"14":{"start":{"line":41,"column":6},"end":{"line":41,"column":18}},"15":{"start":{"line":46,"column":2},"end":{"line":54,"column":5}},"16":{"start":{"line":49,"column":4},"end":{"line":53,"column":5}},"17":{"start":{"line":50,"column":6},"end":{"line":50,"column":40}},"18":{"start":{"line":52,"column":6},"end":{"line":52,"column":18}},"19":{"start":{"line":57,"column":2},"end":{"line":65,"column":5}},"20":{"start":{"line":60,"column":4},"end":{"line":64,"column":5}},"21":{"start":{"line":61,"column":6},"end":{"line":61,"column":40}},"22":{"start":{"line":63,"column":6},"end":{"line":63,"column":18}},"23":{"start":{"line":68,"column":0},"end":{"line":68,"column":33}}},"fnMap":{"0":{"name":"(anonymous_0)","decl":{"start":{"line":11,"column":26},"end":{"line":11,"column":27}},"loc":{"start":{"line":11,"column":43},"end":{"line":66,"column":1}}},"1":{"name":"(anonymous_1)","decl":{"start":{"line":15,"column":5},"end":{"line":15,"column":10}},"loc":{"start":{"line":15,"column":30},"end":{"line":21,"column":3}}},"2":{"name":"(anonymous_2)","decl":{"start":{"line":26,"column":5},"end":{"line":26,"column":10}},"loc":{"start":{"line":26,"column":30},"end":{"line":32,"column":3}}},"3":{"name":"(anonymous_3)","decl":{"start":{"line":37,"column":5},"end":{"line":37,"column":10}},"loc":{"start":{"line":37,"column":30},"end":{"line":43,"column":3}}},"4":{"name":"(anonymous_4)","decl":{"start":{"line":48,"column":5},"end":{"line":48,"column":10}},"loc":{"start":{"line":48,"column":30},"end":{"line":54,"column":3}}},"5":{"name":"(anonymous_5)","decl":{"start":{"line":59,"column":5},"end":{"line":59,"column":10}},"loc":{"start":{"line":59,"column":30},"end":{"line":65,"column":3}}}},"branchMap":{},"s":{"0":6,"1":6,"2":6,"3":6,"4":1,"5":1,"6":0,"7":6,"8":2,"9":2,"10":0,"11":6,"12":1,"13":1,"14":0,"15":6,"16":2,"17":2,"18":0,"19":6,"20":2,"21":2,"22":0,"23":6},"f":{"0":6,"1":1,"2":2,"3":1,"4":2,"5":2},"b":{}}
,"C:\\Users\\Administrator\\Desktop\\Event Ticketing and Payment Management System\\src\\ticketOrders\\ticketOrder.service.ts": {"path":"C:\\Users\\Administrator\\Desktop\\Event Ticketing and Payment Management System\\src\\ticketOrders\\ticketOrder.service.ts","statementMap":{"0":{"start":{"line":1,"column":0},"end":{"line":1,"column":31}},"1":{"start":{"line":2,"column":0},"end":{"line":2,"column":54}},"2":{"start":{"line":3,"column":0},"end":{"line":3,"column":33}},"3":{"start":{"line":7,"column":22},"end":{"line":9,"column":1}},"4":{"start":{"line":8,"column":2},"end":{"line":8,"column":51}},"5":{"start":{"line":7,"column":13},"end":{"line":7,"column":22}},"6":{"start":{"line":12,"column":23},"end":{"line":15,"column":1}},"7":{"start":{"line":13,"column":17},"end":{"line":13,"column":100}},"8":{"start":{"line":14,"column":2},"end":{"line":14,"column":19}},"9":{"start":{"line":12,"column":13},"end":{"line":12,"column":23}},"10":{"start":{"line":18,"column":22},"end":{"line":21,"column":1}},"11":{"start":{"line":19,"column":17},"end":{"line":19,"column":76}},"12":{"start":{"line":20,"column":2},"end":{"line":20,"column":19}},"13":{"start":{"line":18,"column":13},"end":{"line":18,"column":22}},"14":{"start":{"line":24,"column":22},"end":{"line":30,"column":1}},"15":{"start":{"line":25,"column":17},"end":{"line":28,"column":16}},"16":{"start":{"line":29,"column":2},"end":{"line":29,"column":19}},"17":{"start":{"line":24,"column":13},"end":{"line":24,"column":22}},"18":{"start":{"line":33,"column":22},"end":{"line":38,"column":1}},"19":{"start":{"line":34,"column":17},"end":{"line":36,"column":16}},"20":{"start":{"line":37,"column":2},"end":{"line":37,"column":27}},"21":{"start":{"line":33,"column":13},"end":{"line":33,"column":22}}},"fnMap":{"0":{"name":"(anonymous_1)","decl":{"start":{"line":7,"column":22},"end":{"line":7,"column":27}},"loc":{"start":{"line":7,"column":59},"end":{"line":9,"column":1}}},"1":{"name":"(anonymous_2)","decl":{"start":{"line":12,"column":23},"end":{"line":12,"column":28}},"loc":{"start":{"line":12,"column":80},"end":{"line":15,"column":1}}},"2":{"name":"(anonymous_3)","decl":{"start":{"line":18,"column":22},"end":{"line":18,"column":27}},"loc":{"start":{"line":18,"column":88},"end":{"line":21,"column":1}}},"3":{"name":"(anonymous_4)","decl":{"start":{"line":24,"column":22},"end":{"line":24,"column":27}},"loc":{"start":{"line":24,"column":109},"end":{"line":30,"column":1}}},"4":{"name":"(anonymous_5)","decl":{"start":{"line":33,"column":22},"end":{"line":33,"column":27}},"loc":{"start":{"line":33,"column":61},"end":{"line":38,"column":1}}}},"branchMap":{},"s":{"0":7,"1":7,"2":7,"3":7,"4":2,"5":7,"6":7,"7":3,"8":3,"9":7,"10":7,"11":2,"12":2,"13":7,"14":7,"15":3,"16":3,"17":7,"18":7,"19":4,"20":4,"21":7},"f":{"0":2,"1":3,"2":2,"3":3,"4":4},"b":{}}
,"C:\\Users\\Administrator\\Desktop\\Event Ticketing and Payment Management System\\src\\users\\user.controller.ts": {"path":"C:\\Users\\Administrator\\Desktop\\Event Ticketing and Payment Management System\\src\\users\\user.controller.ts","statementMap":{"0":{"start":{"line":1,"column":0},"end":{"line":1,"column":30}},"1":{"start":{"line":3,"column":0},"end":{"line":3,"column":46}},"2":{"start":{"line":4,"column":0},"end":{"line":4,"column":31}},"3":{"start":{"line":5,"column":0},"end":{"line":5,"column":82}},"4":{"start":{"line":8,"column":27},"end":{"line":15,"column":1}},"5":{"start":{"line":9,"column":4},"end":{"line":14,"column":5}},"6":{"start":{"line":10,"column":22},"end":{"line":10,"column":48}},"7":{"start":{"line":11,"column":8},"end":{"line":11,"column":36}},"8":{"start":{"line":13,"column":8},"end":{"line":13,"column":55}},"9":{"start":{"line":8,"column":13},"end":{"line":8,"column":27}},"10":{"start":{"line":18,"column":27},"end":{"line":38,"column":1}},"11":{"start":{"line":19,"column":4},"end":{"line":37,"column":5}},"12":{"start":{"line":20,"column":28},"end":{"line":20,"column":49}},"13":{"start":{"line":21,"column":22},"end":{"line":21,"column":38}},"14":{"start":{"line":23,"column":8},"end":{"line":25,"column":9}},"15":{"start":{"line":24,"column":12},"end":{"line":24,"column":68}},"16":{"start":{"line":27,"column":26},"end":{"line":27,"column":64}},"17":{"start":{"line":28,"column":8},"end":{"line":30,"column":9}},"18":{"start":{"line":29,"column":12},"end":{"line":29,"column":69}},"19":{"start":{"line":33,"column":42},"end":{"line":33,"column":51}},"20":{"start":{"line":34,"column":8},"end":{"line":34,"column":39}},"21":{"start":{"line":36,"column":8},"end":{"line":36,"column":55}},"22":{"start":{"line":18,"column":13},"end":{"line":18,"column":27}},"23":{"start":{"line":41,"column":26},"end":{"line":86,"column":1}},"24":{"start":{"line":42,"column":4},"end":{"line":85,"column":5}},"25":{"start":{"line":43,"column":42},"end":{"line":43,"column":50}},"26":{"start":{"line":45,"column":8},"end":{"line":47,"column":9}},"27":{"start":{"line":46,"column":12},"end":{"line":46,"column":75}},"28":{"start":{"line":49,"column":33},"end":{"line":49,"column":87}},"29":{"start":{"line":50,"column":31},"end":{"line":50,"column":60}},"30":{"start":{"line":51,"column":28},"end":{"line":57,"column":10}},"31":{"start":{"line":59,"column":24},"end":{"line":59,"column":61}},"32":{"start":{"line":60,"column":8},"end":{"line":62,"column":9}},"33":{"start":{"line":61,"column":12},"end":{"line":61,"column":79}},"34":{"start":{"line":64,"column":25},"end":{"line":64,"column":67}},"35":{"start":{"line":65,"column":8},"end":{"line":67,"column":89}},"36":{"start":{"line":66,"column":24},"end":{"line":66,"column":82}},"37":{"start":{"line":67,"column":26},"end":{"line":67,"column":87}},"38":{"start":{"line":69,"column":8},"end":{"line":79,"column":11}},"39":{"start":{"line":81,"column":8},"end":{"line":83,"column":9}},"40":{"start":{"line":82,"column":12},"end":{"line":82,"column":79}},"41":{"start":{"line":84,"column":8},"end":{"line":84,"column":55}},"42":{"start":{"line":41,"column":13},"end":{"line":41,"column":26}},"43":{"start":{"line":89,"column":27},"end":{"line":136,"column":1}},"44":{"start":{"line":90,"column":4},"end":{"line":135,"column":5}},"45":{"start":{"line":91,"column":44},"end":{"line":91,"column":52}},"46":{"start":{"line":93,"column":8},"end":{"line":95,"column":9}},"47":{"start":{"line":94,"column":12},"end":{"line":94,"column":95}},"48":{"start":{"line":97,"column":21},"end":{"line":97,"column":56}},"49":{"start":{"line":98,"column":8},"end":{"line":100,"column":9}},"50":{"start":{"line":99,"column":12},"end":{"line":99,"column":69}},"51":{"start":{"line":102,"column":8},"end":{"line":104,"column":9}},"52":{"start":{"line":103,"column":12},"end":{"line":103,"column":77}},"53":{"start":{"line":106,"column":8},"end":{"line":108,"column":9}},"54":{"start":{"line":107,"column":12},"end":{"line":107,"column":80}},"55":{"start":{"line":110,"column":24},"end":{"line":113,"column":10}},"56":{"start":{"line":115,"column":8},"end":{"line":120,"column":9}},"57":{"start":{"line":116,"column":29},"end":{"line":116,"column":65}},"58":{"start":{"line":117,"column":12},"end":{"line":119,"column":88}},"59":{"start":{"line":118,"column":28},"end":{"line":118,"column":78}},"60":{"start":{"line":119,"column":30},"end":{"line":119,"column":86}},"61":{"start":{"line":122,"column":8},"end":{"line":132,"column":11}},"62":{"start":{"line":134,"column":8},"end":{"line":134,"column":55}},"63":{"start":{"line":89,"column":13},"end":{"line":89,"column":27}},"64":{"start":{"line":139,"column":27},"end":{"line":182,"column":1}},"65":{"start":{"line":140,"column":4},"end":{"line":181,"column":5}},"66":{"start":{"line":141,"column":43},"end":{"line":141,"column":51}},"67":{"start":{"line":143,"column":8},"end":{"line":145,"column":9}},"68":{"start":{"line":144,"column":12},"end":{"line":144,"column":75}},"69":{"start":{"line":147,"column":31},"end":{"line":147,"column":60}},"70":{"start":{"line":148,"column":29},"end":{"line":153,"column":10}},"71":{"start":{"line":155,"column":25},"end":{"line":155,"column":63}},"72":{"start":{"line":156,"column":8},"end":{"line":158,"column":9}},"73":{"start":{"line":157,"column":12},"end":{"line":157,"column":76}},"74":{"start":{"line":160,"column":26},"end":{"line":160,"column":70}},"75":{"start":{"line":161,"column":8},"end":{"line":163,"column":82}},"76":{"start":{"line":162,"column":24},"end":{"line":162,"column":84}},"77":{"start":{"line":163,"column":26},"end":{"line":163,"column":80}},"78":{"start":{"line":165,"column":8},"end":{"line":175,"column":11}},"79":{"start":{"line":177,"column":8},"end":{"line":179,"column":9}},"80":{"start":{"line":178,"column":12},"end":{"line":178,"column":79}},"81":{"start":{"line":180,"column":8},"end":{"line":180,"column":55}},"82":{"start":{"line":139,"column":13},"end":{"line":139,"column":27}},"83":{"start":{"line":185,"column":25},"end":{"line":243,"column":1}},"84":{"start":{"line":186,"column":4},"end":{"line":242,"column":5}},"85":{"start":{"line":187,"column":36},"end":{"line":187,"column":44}},"86":{"start":{"line":189,"column":8},"end":{"line":191,"column":9}},"87":{"start":{"line":190,"column":12},"end":{"line":190,"column":86}},"88":{"start":{"line":193,"column":21},"end":{"line":193,"column":56}},"89":{"start":{"line":194,"column":8},"end":{"line":196,"column":9}},"90":{"start":{"line":195,"column":12},"end":{"line":195,"column":80}},"91":{"start":{"line":198,"column":8},"end":{"line":200,"column":9}},"92":{"start":{"line":199,"column":12},"end":{"line":199,"column":97}},"93":{"start":{"line":202,"column":30},"end":{"line":202,"column":83}},"94":{"start":{"line":203,"column":8},"end":{"line":205,"column":9}},"95":{"start":{"line":204,"column":12},"end":{"line":204,"column":80}},"96":{"start":{"line":207,"column":23},"end":{"line":207,"column":45}},"97":{"start":{"line":208,"column":8},"end":{"line":210,"column":9}},"98":{"start":{"line":209,"column":12},"end":{"line":209,"column":57}},"99":{"start":{"line":212,"column":24},"end":{"line":220,"column":10}},"100":{"start":{"line":222,"column":22},"end":{"line":222,"column":47}},"101":{"start":{"line":224,"column":32},"end":{"line":224,"column":106}},"102":{"start":{"line":225,"column":24},"end":{"line":225,"column":64}},"103":{"start":{"line":227,"column":8},"end":{"line":238,"column":11}},"104":{"start":{"line":241,"column":8},"end":{"line":241,"column":55}},"105":{"start":{"line":185,"column":13},"end":{"line":185,"column":25}},"106":{"start":{"line":245,"column":13},"end":{"line":245,"column":39}},"107":{"start":{"line":248,"column":26},"end":{"line":284,"column":1}},"108":{"start":{"line":249,"column":4},"end":{"line":283,"column":5}},"109":{"start":{"line":250,"column":23},"end":{"line":250,"column":44}},"110":{"start":{"line":251,"column":22},"end":{"line":251,"column":38}},"111":{"start":{"line":252,"column":27},"end":{"line":252,"column":42}},"112":{"start":{"line":254,"column":8},"end":{"line":256,"column":9}},"113":{"start":{"line":255,"column":12},"end":{"line":255,"column":68}},"114":{"start":{"line":258,"column":8},"end":{"line":260,"column":9}},"115":{"start":{"line":259,"column":12},"end":{"line":259,"column":75}},"116":{"start":{"line":262,"column":8},"end":{"line":266,"column":9}},"117":{"start":{"line":263,"column":12},"end":{"line":263,"column":35}},"118":{"start":{"line":264,"column":12},"end":{"line":264,"column":42}},"119":{"start":{"line":265,"column":12},"end":{"line":265,"column":48}},"120":{"start":{"line":268,"column":24},"end":{"line":268,"column":68}},"121":{"start":{"line":269,"column":8},"end":{"line":271,"column":9}},"122":{"start":{"line":270,"column":12},"end":{"line":270,"column":69}},"123":{"start":{"line":273,"column":42},"end":{"line":273,"column":49}},"124":{"start":{"line":274,"column":8},"end":{"line":277,"column":11}},"125":{"start":{"line":279,"column":8},"end":{"line":281,"column":9}},"126":{"start":{"line":280,"column":12},"end":{"line":280,"column":75}},"127":{"start":{"line":282,"column":8},"end":{"line":282,"column":55}},"128":{"start":{"line":248,"column":13},"end":{"line":248,"column":26}},"129":{"start":{"line":287,"column":26},"end":{"line":300,"column":1}},"130":{"start":{"line":288,"column":4},"end":{"line":299,"column":5}},"131":{"start":{"line":289,"column":23},"end":{"line":289,"column":44}},"132":{"start":{"line":290,"column":24},"end":{"line":290,"column":56}},"133":{"start":{"line":292,"column":8},"end":{"line":294,"column":9}},"134":{"start":{"line":293,"column":12},"end":{"line":293,"column":69}},"135":{"start":{"line":296,"column":8},"end":{"line":296,"column":71}},"136":{"start":{"line":298,"column":8},"end":{"line":298,"column":55}},"137":{"start":{"line":287,"column":13},"end":{"line":287,"column":26}}},"fnMap":{"0":{"name":"(anonymous_10)","decl":{"start":{"line":8,"column":27},"end":{"line":8,"column":32}},"loc":{"start":{"line":8,"column":66},"end":{"line":15,"column":1}}},"1":{"name":"(anonymous_11)","decl":{"start":{"line":18,"column":27},"end":{"line":18,"column":32}},"loc":{"start":{"line":18,"column":65},"end":{"line":38,"column":1}}},"2":{"name":"(anonymous_12)","decl":{"start":{"line":41,"column":26},"end":{"line":41,"column":31}},"loc":{"start":{"line":41,"column":64},"end":{"line":86,"column":1}}},"3":{"name":"(anonymous_13)","decl":{"start":{"line":66,"column":18},"end":{"line":66,"column":21}},"loc":{"start":{"line":66,"column":24},"end":{"line":66,"column":82}}},"4":{"name":"(anonymous_14)","decl":{"start":{"line":67,"column":19},"end":{"line":67,"column":22}},"loc":{"start":{"line":67,"column":26},"end":{"line":67,"column":87}}},"5":{"name":"(anonymous_15)","decl":{"start":{"line":89,"column":27},"end":{"line":89,"column":32}},"loc":{"start":{"line":89,"column":65},"end":{"line":136,"column":1}}},"6":{"name":"(anonymous_16)","decl":{"start":{"line":118,"column":22},"end":{"line":118,"column":25}},"loc":{"start":{"line":118,"column":28},"end":{"line":118,"column":78}}},"7":{"name":"(anonymous_17)","decl":{"start":{"line":119,"column":23},"end":{"line":119,"column":26}},"loc":{"start":{"line":119,"column":30},"end":{"line":119,"column":86}}},"8":{"name":"(anonymous_18)","decl":{"start":{"line":139,"column":27},"end":{"line":139,"column":32}},"loc":{"start":{"line":139,"column":65},"end":{"line":182,"column":1}}},"9":{"name":"(anonymous_19)","decl":{"start":{"line":162,"column":18},"end":{"line":162,"column":21}},"loc":{"start":{"line":162,"column":24},"end":{"line":162,"column":84}}},"10":{"name":"(anonymous_20)","decl":{"start":{"line":163,"column":19},"end":{"line":163,"column":22}},"loc":{"start":{"line":163,"column":26},"end":{"line":163,"column":80}}},"11":{"name":"(anonymous_21)","decl":{"start":{"line":185,"column":25},"end":{"line":185,"column":30}},"loc":{"start":{"line":185,"column":63},"end":{"line":243,"column":1}}},"12":{"name":"(anonymous_22)","decl":{"start":{"line":248,"column":26},"end":{"line":248,"column":31}},"loc":{"start":{"line":248,"column":64},"end":{"line":284,"column":1}}},"13":{"name":"(anonymous_23)","decl":{"start":{"line":287,"column":26},"end":{"line":287,"column":31}},"loc":{"start":{"line":287,"column":64},"end":{"line":300,"column":1}}}},"branchMap":{"0":{"loc":{"start":{"line":23,"column":8},"end":{"line":25,"column":9}},"type":"if","locations":[{"start":{"line":23,"column":8},"end":{"line":25,"column":9}},{"start":{},"end":{}}]},"1":{"loc":{"start":{"line":23,"column":12},"end":{"line":23,"column":65}},"type":"binary-expr","locations":[{"start":{"line":23,"column":12},"end":{"line":23,"column":33}},{"start":{"line":23,"column":37},"end":{"line":23,"column":65}}]},"2":{"loc":{"start":{"line":28,"column":8},"end":{"line":30,"column":9}},"type":"if","locations":[{"start":{"line":28,"column":8},"end":{"line":30,"column":9}},{"start":{},"end":{}}]},"3":{"loc":{"start":{"line":45,"column":8},"end":{"line":47,"column":9}},"type":"if","locations":[{"start":{"line":45,"column":8},"end":{"line":47,"column":9}},{"start":{},"end":{}}]},"4":{"loc":{"start":{"line":60,"column":8},"end":{"line":62,"column":9}},"type":"if","locations":[{"start":{"line":60,"column":8},"end":{"line":62,"column":9}},{"start":{},"end":{}}]},"5":{"loc":{"start":{"line":81,"column":8},"end":{"line":83,"column":9}},"type":"if","locations":[{"start":{"line":81,"column":8},"end":{"line":83,"column":9}},{"start":{},"end":{}}]},"6":{"loc":{"start":{"line":93,"column":8},"end":{"line":95,"column":9}},"type":"if","locations":[{"start":{"line":93,"column":8},"end":{"line":95,"column":9}},{"start":{},"end":{}}]},"7":{"loc":{"start":{"line":93,"column":12},"end":{"line":93,"column":39}},"type":"binary-expr","locations":[{"start":{"line":93,"column":12},"end":{"line":93,"column":18}},{"start":{"line":93,"column":22},"end":{"line":93,"column":39}}]},"8":{"loc":{"start":{"line":98,"column":8},"end":{"line":100,"column":9}},"type":"if","locations":[{"start":{"line":98,"column":8},"end":{"line":100,"column":9}},{"start":{},"end":{}}]},"9":{"loc":{"start":{"line":102,"column":8},"end":{"line":104,"column":9}},"type":"if","locations":[{"start":{"line":102,"column":8},"end":{"line":104,"column":9}},{"start":{},"end":{}}]},"10":{"loc":{"start":{"line":106,"column":8},"end":{"line":108,"column":9}},"type":"if","locations":[{"start":{"line":106,"column":8},"end":{"line":108,"column":9}},{"start":{},"end":{}}]},"11":{"loc":{"start":{"line":115,"column":8},"end":{"line":120,"column":9}},"type":"if","locations":[{"start":{"line":115,"column":8},"end":{"line":120,"column":9}},{"start":{},"end":{}}]},"12":{"loc":{"start":{"line":143,"column":8},"end":{"line":145,"column":9}},"type":"if","locations":[{"start":{"line":143,"column":8},"end":{"line":145,"column":9}},{"start":{},"end":{}}]},"13":{"loc":{"start":{"line":156,"column":8},"end":{"line":158,"column":9}},"type":"if","locations":[{"start":{"line":156,"column":8},"end":{"line":158,"column":9}},{"start":{},"end":{}}]},"14":{"loc":{"start":{"line":177,"column":8},"end":{"line":179,"column":9}},"type":"if","locations":[{"start":{"line":177,"column":8},"end":{"line":179,"column":9}},{"start":{},"end":{}}]},"15":{"loc":{"start":{"line":189,"column":8},"end":{"line":191,"column":9}},"type":"if","locations":[{"start":{"line":189,"column":8},"end":{"line":191,"column":9}},{"start":{},"end":{}}]},"16":{"loc":{"start":{"line":189,"column":12},"end":{"line":189,"column":31}},"type":"binary-expr","locations":[{"start":{"line":189,"column":12},"end":{"line":189,"column":18}},{"start":{"line":189,"column":22},"end":{"line":189,"column":31}}]},"17":{"loc":{"start":{"line":194,"column":8},"end":{"line":196,"column":9}},"type":"if","locations":[{"start":{"line":194,"column":8},"end":{"line":196,"column":9}},{"start":{},"end":{}}]},"18":{"loc":{"start":{"line":198,"column":8},"end":{"line":200,"column":9}},"type":"if","locations":[{"start":{"line":198,"column":8},"end":{"line":200,"column":9}},{"start":{},"end":{}}]},"19":{"loc":{"start":{"line":198,"column":12},"end":{"line":198,"column":54}},"type":"binary-expr","locations":[{"start":{"line":198,"column":12},"end":{"line":198,"column":33}},{"start":{"line":198,"column":37},"end":{"line":198,"column":54}}]},"20":{"loc":{"start":{"line":203,"column":8},"end":{"line":205,"column":9}},"type":"if","locations":[{"start":{"line":203,"column":8},"end":{"line":205,"column":9}},{"start":{},"end":{}}]},"21":{"loc":{"start":{"line":208,"column":8},"end":{"line":210,"column":9}},"type":"if","locations":[{"start":{"line":208,"column":8},"end":{"line":210,"column":9}},{"start":{},"end":{}}]},"22":{"loc":{"start":{"line":224,"column":32},"end":{"line":224,"column":106}},"type":"cond-expr","locations":[{"start":{"line":224,"column":56},"end":{"line":224,"column":80}},{"start":{"line":224,"column":83},"end":{"line":224,"column":106}}]},"23":{"loc":{"start":{"line":225,"column":24},"end":{"line":225,"column":64}},"type":"cond-expr","locations":[{"start":{"line":225,"column":48},"end":{"line":225,"column":55}},{"start":{"line":225,"column":58},"end":{"line":225,"column":64}}]},"24":{"loc":{"start":{"line":254,"column":8},"end":{"line":256,"column":9}},"type":"if","locations":[{"start":{"line":254,"column":8},"end":{"line":256,"column":9}},{"start":{},"end":{}}]},"25":{"loc":{"start":{"line":254,"column":12},"end":{"line":254,"column":60}},"type":"binary-expr","locations":[{"start":{"line":254,"column":12},"end":{"line":254,"column":33}},{"start":{"line":254,"column":37},"end":{"line":254,"column":60}}]},"26":{"loc":{"start":{"line":258,"column":8},"end":{"line":260,"column":9}},"type":"if","locations":[{"start":{"line":258,"column":8},"end":{"line":260,"column":9}},{"start":{},"end":{}}]},"27":{"loc":{"start":{"line":262,"column":8},"end":{"line":266,"column":9}},"type":"if","locations":[{"start":{"line":262,"column":8},"end":{"line":266,"column":9}},{"start":{},"end":{}}]},"28":{"loc":{"start":{"line":269,"column":8},"end":{"line":271,"column":9}},"type":"if","locations":[{"start":{"line":269,"column":8},"end":{"line":271,"column":9}},{"start":{},"end":{}}]},"29":{"loc":{"start":{"line":279,"column":8},"end":{"line":281,"column":9}},"type":"if","locations":[{"start":{"line":279,"column":8},"end":{"line":281,"column":9}},{"start":{},"end":{}}]},"30":{"loc":{"start":{"line":292,"column":8},"end":{"line":294,"column":9}},"type":"if","locations":[{"start":{"line":292,"column":8},"end":{"line":294,"column":9}},{"start":{},"end":{}}]}},"s":{"0":6,"1":6,"2":6,"3":6,"4":6,"5":1,"6":1,"7":1,"8":0,"9":6,"10":6,"11":1,"12":1,"13":1,"14":1,"15":0,"16":1,"17":1,"18":0,"19":1,"20":1,"21":0,"22":6,"23":6,"24":1,"25":1,"26":1,"27":0,"28":1,"29":1,"30":1,"31":1,"32":1,"33":0,"34":1,"35":1,"36":1,"37":0,"38":1,"39":0,"40":0,"41":0,"42":6,"43":6,"44":1,"45":1,"46":1,"47":0,"48":1,"49":1,"50":0,"51":1,"52":0,"53":1,"54":0,"55":1,"56":1,"57":1,"58":1,"59":1,"60":0,"61":1,"62":0,"63":6,"64":6,"65":0,"66":0,"67":0,"68":0,"69":0,"70":0,"71":0,"72":0,"73":0,"74":0,"75":0,"76":0,"77":0,"78":0,"79":0,"80":0,"81":0,"82":6,"83":6,"84":9,"85":9,"86":9,"87":0,"88":9,"89":9,"90":0,"91":9,"92":1,"93":8,"94":8,"95":1,"96":7,"97":7,"98":0,"99":7,"100":7,"101":7,"102":7,"103":7,"104":0,"105":6,"106":6,"107":6,"108":1,"109":1,"110":1,"111":1,"112":1,"113":0,"114":1,"115":0,"116":1,"117":0,"118":0,"119":0,"120":1,"121":1,"122":0,"123":1,"124":1,"125":0,"126":0,"127":0,"128":6,"129":6,"130":2,"131":2,"132":2,"133":2,"134":1,"135":1,"136":0,"137":6},"f":{"0":1,"1":1,"2":1,"3":1,"4":0,"5":1,"6":1,"7":0,"8":0,"9":0,"10":0,"11":9,"12":1,"13":2},"b":{"0":[0,1],"1":[1,0],"2":[0,1],"3":[0,1],"4":[0,1],"5":[0,0],"6":[0,1],"7":[1,1],"8":[0,1],"9":[0,1],"10":[0,1],"11":[1,0],"12":[0,0],"13":[0,0],"14":[0,0],"15":[0,9],"16":[9,9],"17":[0,9],"18":[1,8],"19":[9,1],"20":[1,7],"21":[0,7],"22":[7,0],"23":[7,0],"24":[0,1],"25":[1,0],"26":[0,1],"27":[0,1],"28":[0,1],"29":[0,0],"30":[1,1]}}
,"C:\\Users\\Administrator\\Desktop\\Event Ticketing and Payment Management System\\src\\users\\user.router.ts": {"path":"C:\\Users\\Administrator\\Desktop\\Event Ticketing and Payment Management System\\src\\users\\user.router.ts","statementMap":{"0":{"start":{"line":2,"column":0},"end":{"line":2,"column":null}},"1":{"start":{"line":12,"column":0},"end":{"line":12,"column":null}},"2":{"start":{"line":17,"column":19},"end":{"line":89,"column":1}},"3":{"start":{"line":19,"column":2},"end":{"line":25,"column":5}},"4":{"start":{"line":20,"column":4},"end":{"line":24,"column":5}},"5":{"start":{"line":21,"column":6},"end":{"line":21,"column":33}},"6":{"start":{"line":23,"column":6},"end":{"line":23,"column":18}},"7":{"start":{"line":28,"column":2},"end":{"line":34,"column":5}},"8":{"start":{"line":29,"column":4},"end":{"line":33,"column":5}},"9":{"start":{"line":30,"column":6},"end":{"line":30,"column":34}},"10":{"start":{"line":32,"column":6},"end":{"line":32,"column":18}},"11":{"start":{"line":37,"column":2},"end":{"line":43,"column":5}},"12":{"start":{"line":38,"column":4},"end":{"line":42,"column":5}},"13":{"start":{"line":39,"column":6},"end":{"line":39,"column":32}},"14":{"start":{"line":41,"column":6},"end":{"line":41,"column":18}},"15":{"start":{"line":46,"column":2},"end":{"line":52,"column":5}},"16":{"start":{"line":47,"column":4},"end":{"line":51,"column":5}},"17":{"start":{"line":48,"column":6},"end":{"line":48,"column":34}},"18":{"start":{"line":50,"column":6},"end":{"line":50,"column":18}},"19":{"start":{"line":55,"column":2},"end":{"line":61,"column":5}},"20":{"start":{"line":56,"column":4},"end":{"line":60,"column":5}},"21":{"start":{"line":57,"column":6},"end":{"line":57,"column":34}},"22":{"start":{"line":59,"column":6},"end":{"line":59,"column":18}},"23":{"start":{"line":64,"column":2},"end":{"line":70,"column":5}},"24":{"start":{"line":65,"column":4},"end":{"line":69,"column":5}},"25":{"start":{"line":66,"column":6},"end":{"line":66,"column":34}},"26":{"start":{"line":68,"column":6},"end":{"line":68,"column":18}},"27":{"start":{"line":73,"column":2},"end":{"line":79,"column":5}},"28":{"start":{"line":74,"column":4},"end":{"line":78,"column":5}},"29":{"start":{"line":75,"column":6},"end":{"line":75,"column":33}},"30":{"start":{"line":77,"column":6},"end":{"line":77,"column":18}},"31":{"start":{"line":82,"column":2},"end":{"line":88,"column":5}},"32":{"start":{"line":83,"column":4},"end":{"line":87,"column":5}},"33":{"start":{"line":84,"column":6},"end":{"line":84,"column":33}},"34":{"start":{"line":86,"column":6},"end":{"line":86,"column":18}},"35":{"start":{"line":91,"column":0},"end":{"line":91,"column":26}}},"fnMap":{"0":{"name":"(anonymous_0)","decl":{"start":{"line":17,"column":19},"end":{"line":17,"column":20}},"loc":{"start":{"line":17,"column":36},"end":{"line":89,"column":1}}},"1":{"name":"(anonymous_1)","decl":{"start":{"line":19,"column":21},"end":{"line":19,"column":26}},"loc":{"start":{"line":19,"column":46},"end":{"line":25,"column":3}}},"2":{"name":"(anonymous_2)","decl":{"start":{"line":28,"column":28},"end":{"line":28,"column":33}},"loc":{"start":{"line":28,"column":53},"end":{"line":34,"column":3}}},"3":{"name":"(anonymous_3)","decl":{"start":{"line":37,"column":27},"end":{"line":37,"column":32}},"loc":{"start":{"line":37,"column":52},"end":{"line":43,"column":3}}},"4":{"name":"(anonymous_4)","decl":{"start":{"line":46,"column":28},"end":{"line":46,"column":33}},"loc":{"start":{"line":46,"column":53},"end":{"line":52,"column":3}}},"5":{"name":"(anonymous_5)","decl":{"start":{"line":55,"column":31},"end":{"line":55,"column":36}},"loc":{"start":{"line":55,"column":56},"end":{"line":61,"column":3}}},"6":{"name":"(anonymous_6)","decl":{"start":{"line":64,"column":39},"end":{"line":64,"column":44}},"loc":{"start":{"line":64,"column":64},"end":{"line":70,"column":3}}},"7":{"name":"(anonymous_7)","decl":{"start":{"line":73,"column":39},"end":{"line":73,"column":44}},"loc":{"start":{"line":73,"column":64},"end":{"line":79,"column":3}}},"8":{"name":"(anonymous_8)","decl":{"start":{"line":82,"column":38},"end":{"line":82,"column":43}},"loc":{"start":{"line":82,"column":63},"end":{"line":88,"column":3}}}},"branchMap":{},"s":{"0":6,"1":6,"2":6,"3":6,"4":1,"5":1,"6":0,"7":6,"8":1,"9":1,"10":0,"11":6,"12":9,"13":9,"14":0,"15":6,"16":0,"17":0,"18":0,"19":6,"20":1,"21":1,"22":0,"23":6,"24":1,"25":1,"26":0,"27":6,"28":1,"29":1,"30":0,"31":6,"32":2,"33":2,"34":0,"35":6},"f":{"0":6,"1":1,"2":1,"3":9,"4":0,"5":1,"6":1,"7":1,"8":2},"b":{}}
,"C:\\Users\\Administrator\\Desktop\\Event Ticketing and Payment Management System\\src\\users\\user.service.ts": {"path":"C:\\Users\\Administrator\\Desktop\\Event Ticketing and Payment Management System\\src\\users\\user.service.ts","statementMap":{"0":{"start":{"line":1,"column":0},"end":{"line":1,"column":31}},"1":{"start":{"line":2,"column":0},"end":{"line":2,"column":47}},"2":{"start":{"line":3,"column":0},"end":{"line":3,"column":33}},"3":{"start":{"line":7,"column":22},"end":{"line":9,"column":1}},"4":{"start":{"line":8,"column":4},"end":{"line":8,"column":46}},"5":{"start":{"line":7,"column":13},"end":{"line":7,"column":22}},"6":{"start":{"line":12,"column":23},"end":{"line":15,"column":1}},"7":{"start":{"line":13,"column":19},"end":{"line":13,"column":87}},"8":{"start":{"line":14,"column":4},"end":{"line":14,"column":21}},"9":{"start":{"line":12,"column":13},"end":{"line":12,"column":23}},"10":{"start":{"line":18,"column":26},"end":{"line":21,"column":1}},"11":{"start":{"line":19,"column":19},"end":{"line":19,"column":88}},"12":{"start":{"line":20,"column":4},"end":{"line":20,"column":21}},"13":{"start":{"line":18,"column":13},"end":{"line":18,"column":26}},"14":{"start":{"line":24,"column":22},"end":{"line":34,"column":1}},"15":{"start":{"line":25,"column":4},"end":{"line":33,"column":5}},"16":{"start":{"line":26,"column":23},"end":{"line":26,"column":75}},"17":{"start":{"line":27,"column":8},"end":{"line":27,"column":25}},"18":{"start":{"line":29,"column":8},"end":{"line":31,"column":9}},"19":{"start":{"line":30,"column":12},"end":{"line":30,"column":52}},"20":{"start":{"line":32,"column":8},"end":{"line":32,"column":20}},"21":{"start":{"line":24,"column":13},"end":{"line":24,"column":22}},"22":{"start":{"line":37,"column":22},"end":{"line":50,"column":1}},"23":{"start":{"line":38,"column":4},"end":{"line":49,"column":5}},"24":{"start":{"line":39,"column":23},"end":{"line":42,"column":24}},"25":{"start":{"line":43,"column":8},"end":{"line":43,"column":25}},"26":{"start":{"line":45,"column":8},"end":{"line":47,"column":9}},"27":{"start":{"line":46,"column":12},"end":{"line":46,"column":52}},"28":{"start":{"line":48,"column":8},"end":{"line":48,"column":20}},"29":{"start":{"line":37,"column":13},"end":{"line":37,"column":22}},"30":{"start":{"line":53,"column":22},"end":{"line":58,"column":1}},"31":{"start":{"line":54,"column":19},"end":{"line":56,"column":20}},"32":{"start":{"line":57,"column":4},"end":{"line":57,"column":29}},"33":{"start":{"line":53,"column":13},"end":{"line":53,"column":22}},"34":{"start":{"line":61,"column":27},"end":{"line":66,"column":1}},"35":{"start":{"line":62,"column":19},"end":{"line":64,"column":43}},"36":{"start":{"line":65,"column":4},"end":{"line":65,"column":29}},"37":{"start":{"line":61,"column":13},"end":{"line":61,"column":27}}},"fnMap":{"0":{"name":"(anonymous_1)","decl":{"start":{"line":7,"column":22},"end":{"line":7,"column":27}},"loc":{"start":{"line":7,"column":52},"end":{"line":9,"column":1}}},"1":{"name":"(anonymous_2)","decl":{"start":{"line":12,"column":23},"end":{"line":12,"column":28}},"loc":{"start":{"line":12,"column":73},"end":{"line":15,"column":1}}},"2":{"name":"(anonymous_3)","decl":{"start":{"line":18,"column":26},"end":{"line":18,"column":31}},"loc":{"start":{"line":18,"column":79},"end":{"line":21,"column":1}}},"3":{"name":"(anonymous_4)","decl":{"start":{"line":24,"column":22},"end":{"line":24,"column":27}},"loc":{"start":{"line":24,"column":74},"end":{"line":34,"column":1}}},"4":{"name":"(anonymous_5)","decl":{"start":{"line":37,"column":22},"end":{"line":37,"column":27}},"loc":{"start":{"line":37,"column":95},"end":{"line":50,"column":1}}},"5":{"name":"(anonymous_6)","decl":{"start":{"line":53,"column":22},"end":{"line":53,"column":27}},"loc":{"start":{"line":53,"column":61},"end":{"line":58,"column":1}}},"6":{"name":"(anonymous_7)","decl":{"start":{"line":61,"column":27},"end":{"line":61,"column":32}},"loc":{"start":{"line":61,"column":69},"end":{"line":66,"column":1}}}},"branchMap":{"0":{"loc":{"start":{"line":29,"column":8},"end":{"line":31,"column":9}},"type":"if","locations":[{"start":{"line":29,"column":8},"end":{"line":31,"column":9}},{"start":{},"end":{}}]},"1":{"loc":{"start":{"line":45,"column":8},"end":{"line":47,"column":9}},"type":"if","locations":[{"start":{"line":45,"column":8},"end":{"line":47,"column":9}},{"start":{},"end":{}}]}},"s":{"0":7,"1":7,"2":7,"3":7,"4":2,"5":7,"6":7,"7":2,"8":2,"9":7,"10":7,"11":11,"12":11,"13":7,"14":7,"15":4,"16":4,"17":2,"18":2,"19":1,"20":1,"21":7,"22":7,"23":5,"24":5,"25":3,"26":2,"27":1,"28":1,"29":7,"30":7,"31":4,"32":4,"33":7,"34":7,"35":2,"36":2,"37":7},"f":{"0":2,"1":2,"2":11,"3":4,"4":5,"5":4,"6":2},"b":{"0":[1,1],"1":[1,1]}}
,"C:\\Users\\Administrator\\Desktop\\Event Ticketing and Payment Management System\\src\\venues\\venue.controller.ts": {"path":"C:\\Users\\Administrator\\Desktop\\Event Ticketing and Payment Management System\\src\\venues\\venue.controller.ts","statementMap":{"0":{"start":{"line":2,"column":0},"end":{"line":2,"column":48}},"1":{"start":{"line":5,"column":28},"end":{"line":12,"column":1}},"2":{"start":{"line":6,"column":4},"end":{"line":11,"column":5}},"3":{"start":{"line":7,"column":23},"end":{"line":7,"column":50}},"4":{"start":{"line":8,"column":8},"end":{"line":8,"column":37}},"5":{"start":{"line":10,"column":8},"end":{"line":10,"column":55}},"6":{"start":{"line":5,"column":13},"end":{"line":5,"column":28}},"7":{"start":{"line":15,"column":28},"end":{"line":28,"column":1}},"8":{"start":{"line":16,"column":4},"end":{"line":27,"column":5}},"9":{"start":{"line":17,"column":24},"end":{"line":17,"column":45}},"10":{"start":{"line":18,"column":22},"end":{"line":18,"column":57}},"11":{"start":{"line":20,"column":8},"end":{"line":22,"column":9}},"12":{"start":{"line":21,"column":12},"end":{"line":21,"column":70}},"13":{"start":{"line":24,"column":8},"end":{"line":24,"column":36}},"14":{"start":{"line":26,"column":8},"end":{"line":26,"column":55}},"15":{"start":{"line":15,"column":13},"end":{"line":15,"column":28}},"16":{"start":{"line":31,"column":27},"end":{"line":51,"column":1}},"17":{"start":{"line":32,"column":4},"end":{"line":50,"column":5}},"18":{"start":{"line":33,"column":26},"end":{"line":37,"column":10}},"19":{"start":{"line":39,"column":25},"end":{"line":39,"column":61}},"20":{"start":{"line":40,"column":8},"end":{"line":42,"column":9}},"21":{"start":{"line":41,"column":12},"end":{"line":41,"column":76}},"22":{"start":{"line":44,"column":8},"end":{"line":47,"column":11}},"23":{"start":{"line":49,"column":8},"end":{"line":49,"column":55}},"24":{"start":{"line":31,"column":13},"end":{"line":31,"column":27}},"25":{"start":{"line":54,"column":27},"end":{"line":74,"column":1}},"26":{"start":{"line":55,"column":4},"end":{"line":73,"column":5}},"27":{"start":{"line":56,"column":24},"end":{"line":56,"column":45}},"28":{"start":{"line":57,"column":27},"end":{"line":60,"column":10}},"29":{"start":{"line":62,"column":24},"end":{"line":62,"column":70}},"30":{"start":{"line":63,"column":8},"end":{"line":65,"column":9}},"31":{"start":{"line":64,"column":12},"end":{"line":64,"column":70}},"32":{"start":{"line":67,"column":8},"end":{"line":70,"column":11}},"33":{"start":{"line":72,"column":8},"end":{"line":72,"column":55}},"34":{"start":{"line":54,"column":13},"end":{"line":54,"column":27}},"35":{"start":{"line":77,"column":27},"end":{"line":90,"column":1}},"36":{"start":{"line":78,"column":4},"end":{"line":89,"column":5}},"37":{"start":{"line":79,"column":24},"end":{"line":79,"column":45}},"38":{"start":{"line":80,"column":24},"end":{"line":80,"column":58}},"39":{"start":{"line":82,"column":8},"end":{"line":84,"column":9}},"40":{"start":{"line":83,"column":12},"end":{"line":83,"column":70}},"41":{"start":{"line":86,"column":8},"end":{"line":86,"column":72}},"42":{"start":{"line":88,"column":8},"end":{"line":88,"column":55}},"43":{"start":{"line":77,"column":13},"end":{"line":77,"column":27}}},"fnMap":{"0":{"name":"(anonymous_9)","decl":{"start":{"line":5,"column":28},"end":{"line":5,"column":33}},"loc":{"start":{"line":5,"column":67},"end":{"line":12,"column":1}}},"1":{"name":"(anonymous_10)","decl":{"start":{"line":15,"column":28},"end":{"line":15,"column":33}},"loc":{"start":{"line":15,"column":66},"end":{"line":28,"column":1}}},"2":{"name":"(anonymous_11)","decl":{"start":{"line":31,"column":27},"end":{"line":31,"column":32}},"loc":{"start":{"line":31,"column":65},"end":{"line":51,"column":1}}},"3":{"name":"(anonymous_12)","decl":{"start":{"line":54,"column":27},"end":{"line":54,"column":32}},"loc":{"start":{"line":54,"column":65},"end":{"line":74,"column":1}}},"4":{"name":"(anonymous_13)","decl":{"start":{"line":77,"column":27},"end":{"line":77,"column":32}},"loc":{"start":{"line":77,"column":65},"end":{"line":90,"column":1}}}},"branchMap":{"0":{"loc":{"start":{"line":20,"column":8},"end":{"line":22,"column":9}},"type":"if","locations":[{"start":{"line":20,"column":8},"end":{"line":22,"column":9}},{"start":{},"end":{}}]},"1":{"loc":{"start":{"line":40,"column":8},"end":{"line":42,"column":9}},"type":"if","locations":[{"start":{"line":40,"column":8},"end":{"line":42,"column":9}},{"start":{},"end":{}}]},"2":{"loc":{"start":{"line":63,"column":8},"end":{"line":65,"column":9}},"type":"if","locations":[{"start":{"line":63,"column":8},"end":{"line":65,"column":9}},{"start":{},"end":{}}]},"3":{"loc":{"start":{"line":82,"column":8},"end":{"line":84,"column":9}},"type":"if","locations":[{"start":{"line":82,"column":8},"end":{"line":84,"column":9}},{"start":{},"end":{}}]}},"s":{"0":6,"1":6,"2":1,"3":1,"4":1,"5":0,"6":6,"7":6,"8":2,"9":2,"10":2,"11":2,"12":1,"13":1,"14":0,"15":6,"16":6,"17":1,"18":1,"19":1,"20":1,"21":0,"22":1,"23":0,"24":6,"25":6,"26":2,"27":2,"28":2,"29":2,"30":2,"31":1,"32":1,"33":0,"34":6,"35":6,"36":2,"37":2,"38":2,"39":2,"40":1,"41":1,"42":0,"43":6},"f":{"0":1,"1":2,"2":1,"3":2,"4":2},"b":{"0":[1,1],"1":[0,1],"2":[1,1],"3":[1,1]}}
,"C:\\Users\\Administrator\\Desktop\\Event Ticketing and Payment Management System\\src\\venues\\venue.router.ts": {"path":"C:\\Users\\Administrator\\Desktop\\Event Ticketing and Payment Management System\\src\\venues\\venue.router.ts","statementMap":{"0":{"start":{"line":2,"column":0},"end":{"line":2,"column":null}},"1":{"start":{"line":10,"column":0},"end":{"line":10,"column":66}},"2":{"start":{"line":12,"column":20},"end":{"line":65,"column":1}},"3":{"start":{"line":15,"column":4},"end":{"line":21,"column":7}},"4":{"start":{"line":16,"column":8},"end":{"line":20,"column":9}},"5":{"start":{"line":17,"column":12},"end":{"line":17,"column":41}},"6":{"start":{"line":19,"column":12},"end":{"line":19,"column":24}},"7":{"start":{"line":24,"column":4},"end":{"line":31,"column":7}},"8":{"start":{"line":26,"column":8},"end":{"line":30,"column":9}},"9":{"start":{"line":27,"column":12},"end":{"line":27,"column":41}},"10":{"start":{"line":29,"column":12},"end":{"line":29,"column":24}},"11":{"start":{"line":34,"column":4},"end":{"line":42,"column":7}},"12":{"start":{"line":37,"column":8},"end":{"line":41,"column":9}},"13":{"start":{"line":38,"column":12},"end":{"line":38,"column":40}},"14":{"start":{"line":40,"column":12},"end":{"line":40,"column":24}},"15":{"start":{"line":45,"column":4},"end":{"line":53,"column":7}},"16":{"start":{"line":48,"column":8},"end":{"line":52,"column":9}},"17":{"start":{"line":49,"column":12},"end":{"line":49,"column":40}},"18":{"start":{"line":51,"column":12},"end":{"line":51,"column":24}},"19":{"start":{"line":56,"column":4},"end":{"line":64,"column":7}},"20":{"start":{"line":59,"column":8},"end":{"line":63,"column":9}},"21":{"start":{"line":60,"column":12},"end":{"line":60,"column":40}},"22":{"start":{"line":62,"column":12},"end":{"line":62,"column":24}},"23":{"start":{"line":67,"column":0},"end":{"line":67,"column":27}}},"fnMap":{"0":{"name":"(anonymous_0)","decl":{"start":{"line":12,"column":20},"end":{"line":12,"column":21}},"loc":{"start":{"line":12,"column":37},"end":{"line":65,"column":1}}},"1":{"name":"(anonymous_1)","decl":{"start":{"line":15,"column":23},"end":{"line":15,"column":28}},"loc":{"start":{"line":15,"column":48},"end":{"line":21,"column":5}}},"2":{"name":"(anonymous_2)","decl":{"start":{"line":25,"column":8},"end":{"line":25,"column":13}},"loc":{"start":{"line":25,"column":33},"end":{"line":31,"column":5}}},"3":{"name":"(anonymous_3)","decl":{"start":{"line":36,"column":9},"end":{"line":36,"column":14}},"loc":{"start":{"line":36,"column":34},"end":{"line":42,"column":5}}},"4":{"name":"(anonymous_4)","decl":{"start":{"line":47,"column":9},"end":{"line":47,"column":14}},"loc":{"start":{"line":47,"column":34},"end":{"line":53,"column":5}}},"5":{"name":"(anonymous_5)","decl":{"start":{"line":58,"column":9},"end":{"line":58,"column":14}},"loc":{"start":{"line":58,"column":34},"end":{"line":64,"column":5}}}},"branchMap":{},"s":{"0":6,"1":6,"2":6,"3":6,"4":1,"5":1,"6":0,"7":6,"8":2,"9":2,"10":0,"11":6,"12":1,"13":1,"14":0,"15":6,"16":2,"17":2,"18":0,"19":6,"20":2,"21":2,"22":0,"23":6},"f":{"0":6,"1":1,"2":2,"3":1,"4":2,"5":2},"b":{}}
,"C:\\Users\\Administrator\\Desktop\\Event Ticketing and Payment Management System\\src\\venues\\venue.service.ts": {"path":"C:\\Users\\Administrator\\Desktop\\Event Ticketing and Payment Management System\\src\\venues\\venue.service.ts","statementMap":{"0":{"start":{"line":2,"column":0},"end":{"line":2,"column":31}},"1":{"start":{"line":3,"column":0},"end":{"line":3,"column":48}},"2":{"start":{"line":4,"column":0},"end":{"line":4,"column":33}},"3":{"start":{"line":8,"column":22},"end":{"line":14,"column":1}},"4":{"start":{"line":9,"column":2},"end":{"line":13,"column":3}},"5":{"start":{"line":10,"column":4},"end":{"line":10,"column":47}},"6":{"start":{"line":12,"column":4},"end":{"line":12,"column":44}},"7":{"start":{"line":8,"column":13},"end":{"line":8,"column":22}},"8":{"start":{"line":17,"column":23},"end":{"line":24,"column":1}},"9":{"start":{"line":18,"column":2},"end":{"line":23,"column":3}},"10":{"start":{"line":19,"column":19},"end":{"line":19,"column":90}},"11":{"start":{"line":20,"column":4},"end":{"line":20,"column":21}},"12":{"start":{"line":22,"column":4},"end":{"line":22,"column":49}},"13":{"start":{"line":17,"column":13},"end":{"line":17,"column":23}},"14":{"start":{"line":27,"column":22},"end":{"line":34,"column":1}},"15":{"start":{"line":28,"column":2},"end":{"line":33,"column":3}},"16":{"start":{"line":29,"column":19},"end":{"line":29,"column":72}},"17":{"start":{"line":30,"column":4},"end":{"line":30,"column":21}},"18":{"start":{"line":32,"column":4},"end":{"line":32,"column":46}},"19":{"start":{"line":27,"column":13},"end":{"line":27,"column":22}},"20":{"start":{"line":37,"column":22},"end":{"line":47,"column":1}},"21":{"start":{"line":38,"column":2},"end":{"line":46,"column":3}},"22":{"start":{"line":39,"column":19},"end":{"line":42,"column":18}},"23":{"start":{"line":43,"column":4},"end":{"line":43,"column":21}},"24":{"start":{"line":45,"column":4},"end":{"line":45,"column":46}},"25":{"start":{"line":37,"column":13},"end":{"line":37,"column":22}},"26":{"start":{"line":50,"column":22},"end":{"line":59,"column":1}},"27":{"start":{"line":51,"column":2},"end":{"line":58,"column":3}},"28":{"start":{"line":52,"column":19},"end":{"line":54,"column":18}},"29":{"start":{"line":55,"column":4},"end":{"line":55,"column":29}},"30":{"start":{"line":57,"column":4},"end":{"line":57,"column":46}},"31":{"start":{"line":50,"column":13},"end":{"line":50,"column":22}}},"fnMap":{"0":{"name":"(anonymous_1)","decl":{"start":{"line":8,"column":22},"end":{"line":8,"column":27}},"loc":{"start":{"line":8,"column":53},"end":{"line":14,"column":1}}},"1":{"name":"(anonymous_2)","decl":{"start":{"line":17,"column":23},"end":{"line":17,"column":28}},"loc":{"start":{"line":17,"column":74},"end":{"line":24,"column":1}}},"2":{"name":"(anonymous_3)","decl":{"start":{"line":27,"column":22},"end":{"line":27,"column":27}},"loc":{"start":{"line":27,"column":76},"end":{"line":34,"column":1}}},"3":{"name":"(anonymous_4)","decl":{"start":{"line":37,"column":22},"end":{"line":37,"column":27}},"loc":{"start":{"line":37,"column":97},"end":{"line":47,"column":1}}},"4":{"name":"(anonymous_5)","decl":{"start":{"line":50,"column":22},"end":{"line":50,"column":27}},"loc":{"start":{"line":50,"column":61},"end":{"line":59,"column":1}}}},"branchMap":{},"s":{"0":7,"1":7,"2":7,"3":7,"4":3,"5":3,"6":1,"7":7,"8":7,"9":4,"10":4,"11":3,"12":1,"13":7,"14":7,"15":3,"16":3,"17":2,"18":1,"19":7,"20":7,"21":4,"22":4,"23":3,"24":1,"25":7,"26":7,"27":5,"28":5,"29":4,"30":1,"31":7},"f":{"0":3,"1":4,"2":3,"3":4,"4":5},"b":{}}
}
