{"C:\\Users\\Administrator\\Desktop\\Event Ticketing and Payment Management System\\src\\drizzle\\schema.ts": {"path":"C:\\Users\\Administrator\\Desktop\\Event Ticketing and Payment Management System\\src\\drizzle\\schema.ts","statementMap":{"0":{"start":{"line":1,"column":0},"end":{"line":1,"column":50}},"1":{"start":{"line":2,"column":0},"end":{"line":2,"column":45}},"2":{"start":{"line":3,"column":0},"end":{"line":3,"column":null}},"3":{"start":{"line":15,"column":13},"end":{"line":15,"column":66}},"4":{"start":{"line":16,"column":13},"end":{"line":16,"column":90}},"5":{"start":{"line":17,"column":13},"end":{"line":17,"column":94}},"6":{"start":{"line":20,"column":13},"end":{"line":33,"column":3}},"7":{"start":{"line":36,"column":13},"end":{"line":42,"column":3}},"8":{"start":{"line":45,"column":13},"end":{"line":58,"column":3}},"9":{"start":{"line":49,"column":49},"end":{"line":49,"column":69}},"10":{"start":{"line":61,"column":13},"end":{"line":69,"column":3}},"11":{"start":{"line":63,"column":57},"end":{"line":63,"column":75}},"12":{"start":{"line":64,"column":59},"end":{"line":64,"column":79}},"13":{"start":{"line":72,"column":13},"end":{"line":84,"column":3}},"14":{"start":{"line":74,"column":49},"end":{"line":74,"column":75}},"15":{"start":{"line":75,"column":47},"end":{"line":75,"column":65}},"16":{"start":{"line":76,"column":49},"end":{"line":76,"column":69}},"17":{"start":{"line":87,"column":13},"end":{"line":95,"column":3}},"18":{"start":{"line":89,"column":57},"end":{"line":89,"column":75}},"19":{"start":{"line":98,"column":13},"end":{"line":102,"column":4}},"20":{"start":{"line":98,"column":67},"end":{"line":102,"column":2}},"21":{"start":{"line":104,"column":13},"end":{"line":106,"column":4}},"22":{"start":{"line":104,"column":69},"end":{"line":106,"column":2}},"23":{"start":{"line":108,"column":13},"end":{"line":115,"column":4}},"24":{"start":{"line":108,"column":74},"end":{"line":115,"column":2}},"25":{"start":{"line":117,"column":13},"end":{"line":126,"column":4}},"26":{"start":{"line":117,"column":80},"end":{"line":126,"column":2}},"27":{"start":{"line":128,"column":13},"end":{"line":141,"column":4}},"28":{"start":{"line":128,"column":72},"end":{"line":141,"column":2}},"29":{"start":{"line":143,"column":13},"end":{"line":148,"column":4}},"30":{"start":{"line":143,"column":84},"end":{"line":148,"column":2}}},"fnMap":{"0":{"name":"(anonymous_0)","decl":{"start":{"line":49,"column":43},"end":{"line":49,"column":46}},"loc":{"start":{"line":49,"column":49},"end":{"line":49,"column":69}}},"1":{"name":"(anonymous_1)","decl":{"start":{"line":63,"column":51},"end":{"line":63,"column":54}},"loc":{"start":{"line":63,"column":57},"end":{"line":63,"column":75}}},"2":{"name":"(anonymous_2)","decl":{"start":{"line":64,"column":53},"end":{"line":64,"column":56}},"loc":{"start":{"line":64,"column":59},"end":{"line":64,"column":79}}},"3":{"name":"(anonymous_3)","decl":{"start":{"line":74,"column":43},"end":{"line":74,"column":46}},"loc":{"start":{"line":74,"column":49},"end":{"line":74,"column":75}}},"4":{"name":"(anonymous_4)","decl":{"start":{"line":75,"column":41},"end":{"line":75,"column":44}},"loc":{"start":{"line":75,"column":47},"end":{"line":75,"column":65}}},"5":{"name":"(anonymous_5)","decl":{"start":{"line":76,"column":43},"end":{"line":76,"column":46}},"loc":{"start":{"line":76,"column":49},"end":{"line":76,"column":69}}},"6":{"name":"(anonymous_6)","decl":{"start":{"line":89,"column":51},"end":{"line":89,"column":54}},"loc":{"start":{"line":89,"column":57},"end":{"line":89,"column":75}}},"7":{"name":"(anonymous_7)","decl":{"start":{"line":98,"column":52},"end":{"line":98,"column":53}},"loc":{"start":{"line":98,"column":67},"end":{"line":102,"column":2}}},"8":{"name":"(anonymous_8)","decl":{"start":{"line":104,"column":54},"end":{"line":104,"column":55}},"loc":{"start":{"line":104,"column":69},"end":{"line":106,"column":2}}},"9":{"name":"(anonymous_9)","decl":{"start":{"line":108,"column":54},"end":{"line":108,"column":55}},"loc":{"start":{"line":108,"column":74},"end":{"line":115,"column":2}}},"10":{"name":"(anonymous_10)","decl":{"start":{"line":117,"column":66},"end":{"line":117,"column":67}},"loc":{"start":{"line":117,"column":80},"end":{"line":126,"column":2}}},"11":{"name":"(anonymous_11)","decl":{"start":{"line":128,"column":58},"end":{"line":128,"column":59}},"loc":{"start":{"line":128,"column":72},"end":{"line":141,"column":2}}},"12":{"name":"(anonymous_12)","decl":{"start":{"line":143,"column":70},"end":{"line":143,"column":71}},"loc":{"start":{"line":143,"column":84},"end":{"line":148,"column":2}}}},"branchMap":{},"s":{"0":6,"1":6,"2":6,"3":6,"4":6,"5":6,"6":6,"7":6,"8":6,"9":0,"10":6,"11":0,"12":0,"13":6,"14":0,"15":0,"16":0,"17":6,"18":0,"19":6,"20":0,"21":6,"22":0,"23":6,"24":0,"25":6,"26":0,"27":6,"28":0,"29":6,"30":0},"f":{"0":0,"1":0,"2":0,"3":0,"4":0,"5":0,"6":0,"7":0,"8":0,"9":0,"10":0,"11":0,"12":0},"b":{}}
,"C:\\Users\\Administrator\\Desktop\\Event Ticketing and Payment Management System\\src\\events\\event.service.ts": {"path":"C:\\Users\\Administrator\\Desktop\\Event Ticketing and Payment Management System\\src\\events\\event.service.ts","statementMap":{"0":{"start":{"line":1,"column":0},"end":{"line":1,"column":31}},"1":{"start":{"line":2,"column":0},"end":{"line":2,"column":48}},"2":{"start":{"line":3,"column":0},"end":{"line":3,"column":33}},"3":{"start":{"line":7,"column":22},"end":{"line":9,"column":1}},"4":{"start":{"line":8,"column":2},"end":{"line":8,"column":45}},"5":{"start":{"line":7,"column":13},"end":{"line":7,"column":22}},"6":{"start":{"line":12,"column":23},"end":{"line":15,"column":1}},"7":{"start":{"line":13,"column":17},"end":{"line":13,"column":88}},"8":{"start":{"line":14,"column":2},"end":{"line":14,"column":19}},"9":{"start":{"line":12,"column":13},"end":{"line":12,"column":23}},"10":{"start":{"line":18,"column":22},"end":{"line":21,"column":1}},"11":{"start":{"line":19,"column":17},"end":{"line":19,"column":70}},"12":{"start":{"line":20,"column":2},"end":{"line":20,"column":19}},"13":{"start":{"line":18,"column":13},"end":{"line":18,"column":22}},"14":{"start":{"line":24,"column":22},"end":{"line":30,"column":1}},"15":{"start":{"line":25,"column":17},"end":{"line":28,"column":16}},"16":{"start":{"line":29,"column":2},"end":{"line":29,"column":19}},"17":{"start":{"line":24,"column":13},"end":{"line":24,"column":22}},"18":{"start":{"line":33,"column":22},"end":{"line":38,"column":1}},"19":{"start":{"line":34,"column":17},"end":{"line":36,"column":16}},"20":{"start":{"line":37,"column":2},"end":{"line":37,"column":27}},"21":{"start":{"line":33,"column":13},"end":{"line":33,"column":22}}},"fnMap":{"0":{"name":"(anonymous_1)","decl":{"start":{"line":7,"column":22},"end":{"line":7,"column":27}},"loc":{"start":{"line":7,"column":53},"end":{"line":9,"column":1}}},"1":{"name":"(anonymous_2)","decl":{"start":{"line":12,"column":23},"end":{"line":12,"column":28}},"loc":{"start":{"line":12,"column":74},"end":{"line":15,"column":1}}},"2":{"name":"(anonymous_3)","decl":{"start":{"line":18,"column":22},"end":{"line":18,"column":27}},"loc":{"start":{"line":18,"column":76},"end":{"line":21,"column":1}}},"3":{"name":"(anonymous_4)","decl":{"start":{"line":24,"column":22},"end":{"line":24,"column":27}},"loc":{"start":{"line":24,"column":97},"end":{"line":30,"column":1}}},"4":{"name":"(anonymous_5)","decl":{"start":{"line":33,"column":22},"end":{"line":33,"column":27}},"loc":{"start":{"line":33,"column":61},"end":{"line":38,"column":1}}}},"branchMap":{},"s":{"0":1,"1":1,"2":1,"3":1,"4":1,"5":1,"6":1,"7":1,"8":1,"9":1,"10":1,"11":1,"12":1,"13":1,"14":1,"15":1,"16":1,"17":1,"18":1,"19":2,"20":2,"21":1},"f":{"0":1,"1":1,"2":1,"3":1,"4":2},"b":{}}
,"C:\\Users\\Administrator\\Desktop\\Event Ticketing and Payment Management System\\src\\payments\\payment.service.ts": {"path":"C:\\Users\\Administrator\\Desktop\\Event Ticketing and Payment Management System\\src\\payments\\payment.service.ts","statementMap":{"0":{"start":{"line":1,"column":0},"end":{"line":1,"column":31}},"1":{"start":{"line":2,"column":0},"end":{"line":2,"column":50}},"2":{"start":{"line":3,"column":0},"end":{"line":3,"column":33}},"3":{"start":{"line":7,"column":22},"end":{"line":9,"column":1}},"4":{"start":{"line":8,"column":2},"end":{"line":8,"column":47}},"5":{"start":{"line":7,"column":13},"end":{"line":7,"column":22}},"6":{"start":{"line":12,"column":23},"end":{"line":15,"column":1}},"7":{"start":{"line":13,"column":17},"end":{"line":13,"column":94}},"8":{"start":{"line":14,"column":2},"end":{"line":14,"column":19}},"9":{"start":{"line":12,"column":13},"end":{"line":12,"column":23}},"10":{"start":{"line":18,"column":22},"end":{"line":21,"column":1}},"11":{"start":{"line":19,"column":17},"end":{"line":19,"column":72}},"12":{"start":{"line":20,"column":2},"end":{"line":20,"column":19}},"13":{"start":{"line":18,"column":13},"end":{"line":18,"column":22}},"14":{"start":{"line":24,"column":22},"end":{"line":30,"column":1}},"15":{"start":{"line":25,"column":17},"end":{"line":28,"column":16}},"16":{"start":{"line":29,"column":2},"end":{"line":29,"column":19}},"17":{"start":{"line":24,"column":13},"end":{"line":24,"column":22}},"18":{"start":{"line":33,"column":22},"end":{"line":38,"column":1}},"19":{"start":{"line":34,"column":17},"end":{"line":36,"column":16}},"20":{"start":{"line":37,"column":2},"end":{"line":37,"column":27}},"21":{"start":{"line":33,"column":13},"end":{"line":33,"column":22}}},"fnMap":{"0":{"name":"(anonymous_1)","decl":{"start":{"line":7,"column":22},"end":{"line":7,"column":27}},"loc":{"start":{"line":7,"column":55},"end":{"line":9,"column":1}}},"1":{"name":"(anonymous_2)","decl":{"start":{"line":12,"column":23},"end":{"line":12,"column":28}},"loc":{"start":{"line":12,"column":76},"end":{"line":15,"column":1}}},"2":{"name":"(anonymous_3)","decl":{"start":{"line":18,"column":22},"end":{"line":18,"column":27}},"loc":{"start":{"line":18,"column":80},"end":{"line":21,"column":1}}},"3":{"name":"(anonymous_4)","decl":{"start":{"line":24,"column":22},"end":{"line":24,"column":27}},"loc":{"start":{"line":24,"column":101},"end":{"line":30,"column":1}}},"4":{"name":"(anonymous_5)","decl":{"start":{"line":33,"column":22},"end":{"line":33,"column":27}},"loc":{"start":{"line":33,"column":61},"end":{"line":38,"column":1}}}},"branchMap":{},"s":{"0":1,"1":1,"2":1,"3":1,"4":1,"5":1,"6":1,"7":1,"8":1,"9":1,"10":1,"11":1,"12":1,"13":1,"14":1,"15":1,"16":1,"17":1,"18":1,"19":2,"20":2,"21":1},"f":{"0":1,"1":1,"2":1,"3":1,"4":2},"b":{}}
,"C:\\Users\\Administrator\\Desktop\\Event Ticketing and Payment Management System\\src\\supportTickets\\supportTicket.service.ts": {"path":"C:\\Users\\Administrator\\Desktop\\Event Ticketing and Payment Management System\\src\\supportTickets\\supportTicket.service.ts","statementMap":{"0":{"start":{"line":1,"column":0},"end":{"line":1,"column":31}},"1":{"start":{"line":2,"column":0},"end":{"line":2,"column":56}},"2":{"start":{"line":3,"column":0},"end":{"line":3,"column":33}},"3":{"start":{"line":7,"column":22},"end":{"line":9,"column":1}},"4":{"start":{"line":8,"column":2},"end":{"line":8,"column":53}},"5":{"start":{"line":7,"column":13},"end":{"line":7,"column":22}},"6":{"start":{"line":12,"column":23},"end":{"line":15,"column":1}},"7":{"start":{"line":13,"column":17},"end":{"line":13,"column":105}},"8":{"start":{"line":14,"column":2},"end":{"line":14,"column":19}},"9":{"start":{"line":12,"column":13},"end":{"line":12,"column":23}},"10":{"start":{"line":18,"column":22},"end":{"line":21,"column":1}},"11":{"start":{"line":19,"column":17},"end":{"line":19,"column":78}},"12":{"start":{"line":20,"column":2},"end":{"line":20,"column":19}},"13":{"start":{"line":18,"column":13},"end":{"line":18,"column":22}},"14":{"start":{"line":24,"column":22},"end":{"line":30,"column":1}},"15":{"start":{"line":25,"column":17},"end":{"line":28,"column":16}},"16":{"start":{"line":29,"column":2},"end":{"line":29,"column":19}},"17":{"start":{"line":24,"column":13},"end":{"line":24,"column":22}},"18":{"start":{"line":33,"column":22},"end":{"line":38,"column":1}},"19":{"start":{"line":34,"column":17},"end":{"line":36,"column":16}},"20":{"start":{"line":37,"column":2},"end":{"line":37,"column":27}},"21":{"start":{"line":33,"column":13},"end":{"line":33,"column":22}}},"fnMap":{"0":{"name":"(anonymous_1)","decl":{"start":{"line":7,"column":22},"end":{"line":7,"column":27}},"loc":{"start":{"line":7,"column":61},"end":{"line":9,"column":1}}},"1":{"name":"(anonymous_2)","decl":{"start":{"line":12,"column":23},"end":{"line":12,"column":28}},"loc":{"start":{"line":12,"column":82},"end":{"line":15,"column":1}}},"2":{"name":"(anonymous_3)","decl":{"start":{"line":18,"column":22},"end":{"line":18,"column":27}},"loc":{"start":{"line":18,"column":92},"end":{"line":21,"column":1}}},"3":{"name":"(anonymous_4)","decl":{"start":{"line":24,"column":22},"end":{"line":24,"column":27}},"loc":{"start":{"line":24,"column":113},"end":{"line":30,"column":1}}},"4":{"name":"(anonymous_5)","decl":{"start":{"line":33,"column":22},"end":{"line":33,"column":27}},"loc":{"start":{"line":33,"column":61},"end":{"line":38,"column":1}}}},"branchMap":{},"s":{"0":1,"1":1,"2":1,"3":1,"4":1,"5":1,"6":1,"7":1,"8":1,"9":1,"10":1,"11":1,"12":1,"13":1,"14":1,"15":1,"16":1,"17":1,"18":1,"19":2,"20":2,"21":1},"f":{"0":1,"1":1,"2":1,"3":1,"4":2},"b":{}}
,"C:\\Users\\Administrator\\Desktop\\Event Ticketing and Payment Management System\\src\\ticketOrders\\ticketOrder.service.ts": {"path":"C:\\Users\\Administrator\\Desktop\\Event Ticketing and Payment Management System\\src\\ticketOrders\\ticketOrder.service.ts","statementMap":{"0":{"start":{"line":1,"column":0},"end":{"line":1,"column":31}},"1":{"start":{"line":2,"column":0},"end":{"line":2,"column":54}},"2":{"start":{"line":3,"column":0},"end":{"line":3,"column":33}},"3":{"start":{"line":7,"column":22},"end":{"line":9,"column":1}},"4":{"start":{"line":8,"column":2},"end":{"line":8,"column":51}},"5":{"start":{"line":7,"column":13},"end":{"line":7,"column":22}},"6":{"start":{"line":12,"column":23},"end":{"line":15,"column":1}},"7":{"start":{"line":13,"column":17},"end":{"line":13,"column":100}},"8":{"start":{"line":14,"column":2},"end":{"line":14,"column":19}},"9":{"start":{"line":12,"column":13},"end":{"line":12,"column":23}},"10":{"start":{"line":18,"column":22},"end":{"line":21,"column":1}},"11":{"start":{"line":19,"column":17},"end":{"line":19,"column":76}},"12":{"start":{"line":20,"column":2},"end":{"line":20,"column":19}},"13":{"start":{"line":18,"column":13},"end":{"line":18,"column":22}},"14":{"start":{"line":24,"column":22},"end":{"line":30,"column":1}},"15":{"start":{"line":25,"column":17},"end":{"line":28,"column":16}},"16":{"start":{"line":29,"column":2},"end":{"line":29,"column":19}},"17":{"start":{"line":24,"column":13},"end":{"line":24,"column":22}},"18":{"start":{"line":33,"column":22},"end":{"line":38,"column":1}},"19":{"start":{"line":34,"column":17},"end":{"line":36,"column":16}},"20":{"start":{"line":37,"column":2},"end":{"line":37,"column":27}},"21":{"start":{"line":33,"column":13},"end":{"line":33,"column":22}}},"fnMap":{"0":{"name":"(anonymous_1)","decl":{"start":{"line":7,"column":22},"end":{"line":7,"column":27}},"loc":{"start":{"line":7,"column":59},"end":{"line":9,"column":1}}},"1":{"name":"(anonymous_2)","decl":{"start":{"line":12,"column":23},"end":{"line":12,"column":28}},"loc":{"start":{"line":12,"column":80},"end":{"line":15,"column":1}}},"2":{"name":"(anonymous_3)","decl":{"start":{"line":18,"column":22},"end":{"line":18,"column":27}},"loc":{"start":{"line":18,"column":88},"end":{"line":21,"column":1}}},"3":{"name":"(anonymous_4)","decl":{"start":{"line":24,"column":22},"end":{"line":24,"column":27}},"loc":{"start":{"line":24,"column":109},"end":{"line":30,"column":1}}},"4":{"name":"(anonymous_5)","decl":{"start":{"line":33,"column":22},"end":{"line":33,"column":27}},"loc":{"start":{"line":33,"column":61},"end":{"line":38,"column":1}}}},"branchMap":{},"s":{"0":1,"1":1,"2":1,"3":1,"4":1,"5":1,"6":1,"7":1,"8":1,"9":1,"10":1,"11":1,"12":1,"13":1,"14":1,"15":1,"16":1,"17":1,"18":1,"19":2,"20":2,"21":1},"f":{"0":1,"1":1,"2":1,"3":1,"4":2},"b":{}}
,"C:\\Users\\Administrator\\Desktop\\Event Ticketing and Payment Management System\\src\\users\\user.service.ts": {"path":"C:\\Users\\Administrator\\Desktop\\Event Ticketing and Payment Management System\\src\\users\\user.service.ts","statementMap":{"0":{"start":{"line":1,"column":0},"end":{"line":1,"column":31}},"1":{"start":{"line":2,"column":0},"end":{"line":2,"column":47}},"2":{"start":{"line":3,"column":0},"end":{"line":3,"column":33}},"3":{"start":{"line":7,"column":22},"end":{"line":9,"column":1}},"4":{"start":{"line":8,"column":4},"end":{"line":8,"column":46}},"5":{"start":{"line":7,"column":13},"end":{"line":7,"column":22}},"6":{"start":{"line":12,"column":23},"end":{"line":15,"column":1}},"7":{"start":{"line":13,"column":19},"end":{"line":13,"column":87}},"8":{"start":{"line":14,"column":4},"end":{"line":14,"column":21}},"9":{"start":{"line":12,"column":13},"end":{"line":12,"column":23}},"10":{"start":{"line":18,"column":26},"end":{"line":21,"column":1}},"11":{"start":{"line":19,"column":19},"end":{"line":19,"column":88}},"12":{"start":{"line":20,"column":4},"end":{"line":20,"column":21}},"13":{"start":{"line":18,"column":13},"end":{"line":18,"column":26}},"14":{"start":{"line":24,"column":22},"end":{"line":34,"column":1}},"15":{"start":{"line":25,"column":4},"end":{"line":33,"column":5}},"16":{"start":{"line":26,"column":23},"end":{"line":26,"column":75}},"17":{"start":{"line":27,"column":8},"end":{"line":27,"column":25}},"18":{"start":{"line":29,"column":8},"end":{"line":31,"column":9}},"19":{"start":{"line":30,"column":12},"end":{"line":30,"column":52}},"20":{"start":{"line":32,"column":8},"end":{"line":32,"column":20}},"21":{"start":{"line":24,"column":13},"end":{"line":24,"column":22}},"22":{"start":{"line":37,"column":22},"end":{"line":50,"column":1}},"23":{"start":{"line":38,"column":4},"end":{"line":49,"column":5}},"24":{"start":{"line":39,"column":23},"end":{"line":42,"column":24}},"25":{"start":{"line":43,"column":8},"end":{"line":43,"column":25}},"26":{"start":{"line":45,"column":8},"end":{"line":47,"column":9}},"27":{"start":{"line":46,"column":12},"end":{"line":46,"column":52}},"28":{"start":{"line":48,"column":8},"end":{"line":48,"column":20}},"29":{"start":{"line":37,"column":13},"end":{"line":37,"column":22}},"30":{"start":{"line":53,"column":22},"end":{"line":58,"column":1}},"31":{"start":{"line":54,"column":19},"end":{"line":56,"column":20}},"32":{"start":{"line":57,"column":4},"end":{"line":57,"column":29}},"33":{"start":{"line":53,"column":13},"end":{"line":53,"column":22}},"34":{"start":{"line":61,"column":27},"end":{"line":66,"column":1}},"35":{"start":{"line":62,"column":19},"end":{"line":64,"column":43}},"36":{"start":{"line":65,"column":4},"end":{"line":65,"column":29}},"37":{"start":{"line":61,"column":13},"end":{"line":61,"column":27}}},"fnMap":{"0":{"name":"(anonymous_1)","decl":{"start":{"line":7,"column":22},"end":{"line":7,"column":27}},"loc":{"start":{"line":7,"column":52},"end":{"line":9,"column":1}}},"1":{"name":"(anonymous_2)","decl":{"start":{"line":12,"column":23},"end":{"line":12,"column":28}},"loc":{"start":{"line":12,"column":73},"end":{"line":15,"column":1}}},"2":{"name":"(anonymous_3)","decl":{"start":{"line":18,"column":26},"end":{"line":18,"column":31}},"loc":{"start":{"line":18,"column":79},"end":{"line":21,"column":1}}},"3":{"name":"(anonymous_4)","decl":{"start":{"line":24,"column":22},"end":{"line":24,"column":27}},"loc":{"start":{"line":24,"column":74},"end":{"line":34,"column":1}}},"4":{"name":"(anonymous_5)","decl":{"start":{"line":37,"column":22},"end":{"line":37,"column":27}},"loc":{"start":{"line":37,"column":95},"end":{"line":50,"column":1}}},"5":{"name":"(anonymous_6)","decl":{"start":{"line":53,"column":22},"end":{"line":53,"column":27}},"loc":{"start":{"line":53,"column":61},"end":{"line":58,"column":1}}},"6":{"name":"(anonymous_7)","decl":{"start":{"line":61,"column":27},"end":{"line":61,"column":32}},"loc":{"start":{"line":61,"column":69},"end":{"line":66,"column":1}}}},"branchMap":{"0":{"loc":{"start":{"line":29,"column":8},"end":{"line":31,"column":9}},"type":"if","locations":[{"start":{"line":29,"column":8},"end":{"line":31,"column":9}},{"start":{},"end":{}}]},"1":{"loc":{"start":{"line":45,"column":8},"end":{"line":47,"column":9}},"type":"if","locations":[{"start":{"line":45,"column":8},"end":{"line":47,"column":9}},{"start":{},"end":{}}]}},"s":{"0":1,"1":1,"2":1,"3":1,"4":1,"5":1,"6":1,"7":1,"8":1,"9":1,"10":1,"11":1,"12":1,"13":1,"14":1,"15":3,"16":3,"17":1,"18":2,"19":1,"20":1,"21":1,"22":1,"23":3,"24":3,"25":1,"26":2,"27":1,"28":1,"29":1,"30":1,"31":2,"32":2,"33":1,"34":1,"35":2,"36":2,"37":1},"f":{"0":1,"1":1,"2":1,"3":3,"4":3,"5":2,"6":2},"b":{"0":[1,1],"1":[1,1]}}
,"C:\\Users\\Administrator\\Desktop\\Event Ticketing and Payment Management System\\src\\venues\\venue.service.ts": {"path":"C:\\Users\\Administrator\\Desktop\\Event Ticketing and Payment Management System\\src\\venues\\venue.service.ts","statementMap":{"0":{"start":{"line":2,"column":0},"end":{"line":2,"column":31}},"1":{"start":{"line":3,"column":0},"end":{"line":3,"column":48}},"2":{"start":{"line":4,"column":0},"end":{"line":4,"column":33}},"3":{"start":{"line":8,"column":22},"end":{"line":14,"column":1}},"4":{"start":{"line":9,"column":2},"end":{"line":13,"column":3}},"5":{"start":{"line":10,"column":4},"end":{"line":10,"column":47}},"6":{"start":{"line":12,"column":4},"end":{"line":12,"column":44}},"7":{"start":{"line":8,"column":13},"end":{"line":8,"column":22}},"8":{"start":{"line":17,"column":23},"end":{"line":24,"column":1}},"9":{"start":{"line":18,"column":2},"end":{"line":23,"column":3}},"10":{"start":{"line":19,"column":19},"end":{"line":19,"column":90}},"11":{"start":{"line":20,"column":4},"end":{"line":20,"column":21}},"12":{"start":{"line":22,"column":4},"end":{"line":22,"column":49}},"13":{"start":{"line":17,"column":13},"end":{"line":17,"column":23}},"14":{"start":{"line":27,"column":22},"end":{"line":34,"column":1}},"15":{"start":{"line":28,"column":2},"end":{"line":33,"column":3}},"16":{"start":{"line":29,"column":19},"end":{"line":29,"column":72}},"17":{"start":{"line":30,"column":4},"end":{"line":30,"column":21}},"18":{"start":{"line":32,"column":4},"end":{"line":32,"column":46}},"19":{"start":{"line":27,"column":13},"end":{"line":27,"column":22}},"20":{"start":{"line":37,"column":22},"end":{"line":47,"column":1}},"21":{"start":{"line":38,"column":2},"end":{"line":46,"column":3}},"22":{"start":{"line":39,"column":19},"end":{"line":42,"column":18}},"23":{"start":{"line":43,"column":4},"end":{"line":43,"column":21}},"24":{"start":{"line":45,"column":4},"end":{"line":45,"column":46}},"25":{"start":{"line":37,"column":13},"end":{"line":37,"column":22}},"26":{"start":{"line":50,"column":22},"end":{"line":59,"column":1}},"27":{"start":{"line":51,"column":2},"end":{"line":58,"column":3}},"28":{"start":{"line":52,"column":19},"end":{"line":54,"column":18}},"29":{"start":{"line":55,"column":4},"end":{"line":55,"column":29}},"30":{"start":{"line":57,"column":4},"end":{"line":57,"column":46}},"31":{"start":{"line":50,"column":13},"end":{"line":50,"column":22}}},"fnMap":{"0":{"name":"(anonymous_1)","decl":{"start":{"line":8,"column":22},"end":{"line":8,"column":27}},"loc":{"start":{"line":8,"column":53},"end":{"line":14,"column":1}}},"1":{"name":"(anonymous_2)","decl":{"start":{"line":17,"column":23},"end":{"line":17,"column":28}},"loc":{"start":{"line":17,"column":74},"end":{"line":24,"column":1}}},"2":{"name":"(anonymous_3)","decl":{"start":{"line":27,"column":22},"end":{"line":27,"column":27}},"loc":{"start":{"line":27,"column":76},"end":{"line":34,"column":1}}},"3":{"name":"(anonymous_4)","decl":{"start":{"line":37,"column":22},"end":{"line":37,"column":27}},"loc":{"start":{"line":37,"column":97},"end":{"line":47,"column":1}}},"4":{"name":"(anonymous_5)","decl":{"start":{"line":50,"column":22},"end":{"line":50,"column":27}},"loc":{"start":{"line":50,"column":61},"end":{"line":59,"column":1}}}},"branchMap":{},"s":{"0":1,"1":1,"2":1,"3":1,"4":2,"5":2,"6":1,"7":1,"8":1,"9":2,"10":2,"11":1,"12":1,"13":1,"14":1,"15":2,"16":2,"17":1,"18":1,"19":1,"20":1,"21":2,"22":2,"23":1,"24":1,"25":1,"26":1,"27":3,"28":3,"29":2,"30":1,"31":1},"f":{"0":2,"1":2,"2":2,"3":2,"4":3},"b":{}}
}
