TN:
SF:src\drizzle\schema.ts
FN:49,(anonymous_0)
FN:63,(anonymous_1)
FN:64,(anonymous_2)
FN:74,(anonymous_3)
FN:75,(anonymous_4)
FN:76,(anonymous_5)
FN:89,(anonymous_6)
FN:98,(anonymous_7)
FN:104,(anonymous_8)
FN:108,(anonymous_9)
FN:117,(anonymous_10)
FN:128,(anonymous_11)
FN:143,(anonymous_12)
FNF:13
FNH:0
FNDA:0,(anonymous_0)
FNDA:0,(anonymous_1)
FNDA:0,(anonymous_2)
FNDA:0,(anonymous_3)
FNDA:0,(anonymous_4)
FNDA:0,(anonymous_5)
FNDA:0,(anonymous_6)
FNDA:0,(anonymous_7)
FNDA:0,(anonymous_8)
FNDA:0,(anonymous_9)
FNDA:0,(anonymous_10)
FNDA:0,(anonymous_11)
FNDA:0,(anonymous_12)
DA:1,6
DA:2,6
DA:3,6
DA:15,6
DA:16,6
DA:17,6
DA:20,6
DA:36,6
DA:45,6
DA:49,0
DA:61,6
DA:63,0
DA:64,0
DA:72,6
DA:74,0
DA:75,0
DA:76,0
DA:87,6
DA:89,0
DA:98,6
DA:104,6
DA:108,6
DA:117,6
DA:128,6
DA:143,6
LF:25
LH:18
BRF:0
BRH:0
end_of_record
TN:
SF:src\events\event.service.ts
FN:7,(anonymous_1)
FN:12,(anonymous_2)
FN:18,(anonymous_3)
FN:24,(anonymous_4)
FN:33,(anonymous_5)
FNF:5
FNH:5
FNDA:1,(anonymous_1)
FNDA:1,(anonymous_2)
FNDA:1,(anonymous_3)
FNDA:1,(anonymous_4)
FNDA:2,(anonymous_5)
DA:1,1
DA:2,1
DA:3,1
DA:7,1
DA:8,1
DA:12,1
DA:13,1
DA:14,1
DA:18,1
DA:19,1
DA:20,1
DA:24,1
DA:25,1
DA:29,1
DA:33,1
DA:34,2
DA:37,2
LF:17
LH:17
BRF:0
BRH:0
end_of_record
TN:
SF:src\payments\payment.service.ts
FN:7,(anonymous_1)
FN:12,(anonymous_2)
FN:18,(anonymous_3)
FN:24,(anonymous_4)
FN:33,(anonymous_5)
FNF:5
FNH:5
FNDA:1,(anonymous_1)
FNDA:1,(anonymous_2)
FNDA:1,(anonymous_3)
FNDA:1,(anonymous_4)
FNDA:2,(anonymous_5)
DA:1,1
DA:2,1
DA:3,1
DA:7,1
DA:8,1
DA:12,1
DA:13,1
DA:14,1
DA:18,1
DA:19,1
DA:20,1
DA:24,1
DA:25,1
DA:29,1
DA:33,1
DA:34,2
DA:37,2
LF:17
LH:17
BRF:0
BRH:0
end_of_record
TN:
SF:src\supportTickets\supportTicket.service.ts
FN:7,(anonymous_1)
FN:12,(anonymous_2)
FN:18,(anonymous_3)
FN:24,(anonymous_4)
FN:33,(anonymous_5)
FNF:5
FNH:5
FNDA:1,(anonymous_1)
FNDA:1,(anonymous_2)
FNDA:1,(anonymous_3)
FNDA:1,(anonymous_4)
FNDA:2,(anonymous_5)
DA:1,1
DA:2,1
DA:3,1
DA:7,1
DA:8,1
DA:12,1
DA:13,1
DA:14,1
DA:18,1
DA:19,1
DA:20,1
DA:24,1
DA:25,1
DA:29,1
DA:33,1
DA:34,2
DA:37,2
LF:17
LH:17
BRF:0
BRH:0
end_of_record
TN:
SF:src\ticketOrders\ticketOrder.service.ts
FN:7,(anonymous_1)
FN:12,(anonymous_2)
FN:18,(anonymous_3)
FN:24,(anonymous_4)
FN:33,(anonymous_5)
FNF:5
FNH:5
FNDA:1,(anonymous_1)
FNDA:1,(anonymous_2)
FNDA:1,(anonymous_3)
FNDA:1,(anonymous_4)
FNDA:2,(anonymous_5)
DA:1,1
DA:2,1
DA:3,1
DA:7,1
DA:8,1
DA:12,1
DA:13,1
DA:14,1
DA:18,1
DA:19,1
DA:20,1
DA:24,1
DA:25,1
DA:29,1
DA:33,1
DA:34,2
DA:37,2
LF:17
LH:17
BRF:0
BRH:0
end_of_record
TN:
SF:src\users\user.service.ts
FN:7,(anonymous_1)
FN:12,(anonymous_2)
FN:18,(anonymous_3)
FN:24,(anonymous_4)
FN:37,(anonymous_5)
FN:53,(anonymous_6)
FN:61,(anonymous_7)
FNF:7
FNH:7
FNDA:1,(anonymous_1)
FNDA:1,(anonymous_2)
FNDA:1,(anonymous_3)
FNDA:3,(anonymous_4)
FNDA:3,(anonymous_5)
FNDA:2,(anonymous_6)
FNDA:2,(anonymous_7)
DA:1,1
DA:2,1
DA:3,1
DA:7,1
DA:8,1
DA:12,1
DA:13,1
DA:14,1
DA:18,1
DA:19,1
DA:20,1
DA:24,1
DA:25,3
DA:26,3
DA:27,1
DA:29,2
DA:30,1
DA:32,1
DA:37,1
DA:38,3
DA:39,3
DA:43,1
DA:45,2
DA:46,1
DA:48,1
DA:53,1
DA:54,2
DA:57,2
DA:61,1
DA:62,2
DA:65,2
LF:31
LH:31
BRDA:29,0,0,1
BRDA:29,0,1,1
BRDA:45,1,0,1
BRDA:45,1,1,1
BRF:4
BRH:4
end_of_record
TN:
SF:src\venues\venue.service.ts
FN:8,(anonymous_1)
FN:17,(anonymous_2)
FN:27,(anonymous_3)
FN:37,(anonymous_4)
FN:50,(anonymous_5)
FNF:5
FNH:5
FNDA:2,(anonymous_1)
FNDA:2,(anonymous_2)
FNDA:2,(anonymous_3)
FNDA:2,(anonymous_4)
FNDA:3,(anonymous_5)
DA:2,1
DA:3,1
DA:4,1
DA:8,1
DA:9,2
DA:10,2
DA:12,1
DA:17,1
DA:18,2
DA:19,2
DA:20,1
DA:22,1
DA:27,1
DA:28,2
DA:29,2
DA:30,1
DA:32,1
DA:37,1
DA:38,2
DA:39,2
DA:43,1
DA:45,1
DA:50,1
DA:51,3
DA:52,3
DA:55,2
DA:57,1
LF:27
LH:27
BRF:0
BRH:0
end_of_record
